2020-04-03 15:52:22,403 [1] INFO WRPServer.Program - Spoustim aplikaci.
2020-04-03 15:52:22,428 [1] INFO WRPServer.Program - Pripravuji zachycení Control+C pro vypnutí
2020-04-03 15:52:22,429 [1] INFO WRPServer.Program - Spoustim rídící aplikaci a predávám jí velení
2020-04-03 15:52:22,484 [1] INFO WRPServer.Network.Server.ServerSocket - Inicializuji datove struktury socketu pro 10.12.56.12:6412
2020-04-03 15:52:22,484 [1] INFO WRPServer.Network.Server.ServerSocket - Vstupuji do smycky pro prijimani klientu.
2020-04-03 15:52:22,484 [1] INFO WRPServer.Network.Server.ServerSocket - Cekam na pripojeni klienta.
2020-04-03 15:52:47,874 [1] INFO WRPServer.Network.Server.ServerSocket - Pripojil se novy klient! Inicializuji ClientContext.
2020-04-03 15:52:47,875 [1] INFO WRPServer.Network.Server.ServerSocket - Predavam obsluhu noveho klienta do dedikovaneho vlakna.
2020-04-03 15:52:47,876 [1] INFO WRPServer.Network.Server.ServerSocket - Cekam na pripojeni klienta.
2020-04-03 15:52:47,912 [4] DEBUG WRPServer.Network.Client.ClientHandler - Nastavuji objekty pro cteni klientskeho socketu.
2020-04-03 15:52:47,912 [4] DEBUG WRPServer.Network.Client.ClientHandler - Proxy objekty NetworkStream a BinaryReader pro cteni klientskeho Socketu uspesne vytvoreny.
2020-04-03 15:52:47,914 [4] DEBUG WRPServer.Network.Client.ClientHandler - Cekam na nacteni bajtu ze socketu.
2020-04-03 15:52:56,582 [4] DEBUG WRPServer.Network.Client.ClientHandler - Prijaty novy bajt od klienta: 3
2020-04-03 15:52:56,582 [4] DEBUG WRPServer.Network.Client.ClientHandler - Prijata zprava typu GET_CAMERA_LIST
2020-04-03 15:52:56,585 [4] DEBUG WRPServer.Network.Client.ClientHandler - Cekam na nacteni 4 z klientskeho socketu.
2020-04-03 15:52:56,585 [4] DEBUG WRPServer.Network.Client.ClientHandler - Ze socketu uspesne nacteno 4 bajtu.
2020-04-03 15:52:56,586 [4] DEBUG WRPServer.Network.Client.ClientHandler - Aktualni stav ClientHandler je CONNECTED
2020-04-03 15:52:56,587 [4] DEBUG WRPServer.Network.Client.ClientHandler - Vysledek zpracovani akce: True
2020-04-03 15:52:56,587 [4] DEBUG WRPServer.Network.Client.ClientHandler - Posun ze stavu CONNECTED do stavu GET_CAMERA_LIST
2020-04-03 15:52:56,587 [4] DEBUG WRPServer.Network.Client.ClientHandler - Aktualni stav ClientHandler je GET_CAMERA_LIST
2020-04-03 15:52:59,770 [4] DEBUG WRPServer.Network.Client.ClientHandler - Velikost payloadu pro zpravu typu CAMERA_LIST je 247
2020-04-03 15:52:59,771 [4] DEBUG WRPServer.Network.Client.ClientHandler - Vysledek zpracovani akce: True
2020-04-03 15:52:59,774 [4] DEBUG WRPServer.Network.Client.ClientHandler - Bude odeslan vystupni buffer.
2020-04-03 15:52:59,774 [4] DEBUG WRPServer.Network.Client.ClientHandler - Pozice v bufferu pred odeslanim: 252
2020-04-03 15:52:59,774 [4] DEBUG WRPServer.Network.Client.ClientHandler - Posun ze stavu GET_CAMERA_LIST do stavu CONNECTED
2020-04-03 15:52:59,774 [4] DEBUG WRPServer.Network.Client.ClientHandler - Cekam na nacteni bajtu ze socketu.
2020-04-03 15:53:05,901 [4] DEBUG WRPServer.Network.Client.ClientHandler - Prijaty novy bajt od klienta: 3
2020-04-03 15:53:05,901 [4] DEBUG WRPServer.Network.Client.ClientHandler - Prijata zprava typu GET_CAMERA_LIST
2020-04-03 15:53:05,901 [4] DEBUG WRPServer.Network.Client.ClientHandler - Cekam na nacteni 4 z klientskeho socketu.
2020-04-03 15:53:05,901 [4] DEBUG WRPServer.Network.Client.ClientHandler - Ze socketu uspesne nacteno 4 bajtu.
2020-04-03 15:53:05,902 [4] DEBUG WRPServer.Network.Client.ClientHandler - Aktualni stav ClientHandler je CONNECTED
2020-04-03 15:53:05,902 [4] DEBUG WRPServer.Network.Client.ClientHandler - Vysledek zpracovani akce: True
2020-04-03 15:53:05,902 [4] DEBUG WRPServer.Network.Client.ClientHandler - Posun ze stavu CONNECTED do stavu GET_CAMERA_LIST
2020-04-03 15:53:05,902 [4] DEBUG WRPServer.Network.Client.ClientHandler - Aktualni stav ClientHandler je GET_CAMERA_LIST
2020-04-03 15:53:05,902 [4] DEBUG WRPServer.Network.Client.ClientHandler - Velikost payloadu pro zpravu typu CAMERA_LIST je 247
2020-04-03 15:53:05,902 [4] DEBUG WRPServer.Network.Client.ClientHandler - Vysledek zpracovani akce: True
2020-04-03 15:53:05,902 [4] DEBUG WRPServer.Network.Client.ClientHandler - Bude odeslan vystupni buffer.
2020-04-03 15:53:05,903 [4] DEBUG WRPServer.Network.Client.ClientHandler - Pozice v bufferu pred odeslanim: 252
2020-04-03 15:53:05,903 [4] DEBUG WRPServer.Network.Client.ClientHandler - Posun ze stavu GET_CAMERA_LIST do stavu CONNECTED
2020-04-03 15:53:05,903 [4] DEBUG WRPServer.Network.Client.ClientHandler - Cekam na nacteni bajtu ze socketu.
2020-04-03 15:53:11,605 [4] DEBUG WRPServer.Network.Client.ClientHandler - Prijaty novy bajt od klienta: 5
2020-04-03 15:53:11,605 [4] DEBUG WRPServer.Network.Client.ClientHandler - Prijata zprava typu OPEN_CAMERA
2020-04-03 15:53:11,605 [4] DEBUG WRPServer.Network.Client.ClientHandler - Cekam na nacteni 4 z klientskeho socketu.
2020-04-03 15:53:11,605 [4] DEBUG WRPServer.Network.Client.ClientHandler - Ze socketu uspesne nacteno 4 bajtu.
2020-04-03 15:53:11,606 [4] DEBUG WRPServer.Network.Client.ClientHandler - Aktualni stav ClientHandler je CONNECTED
2020-04-03 15:53:11,606 [4] DEBUG WRPServer.Network.Client.ClientHandler - Vysledek zpracovani akce: True
2020-04-03 15:53:11,606 [4] DEBUG WRPServer.Network.Client.ClientHandler - Posun ze stavu CONNECTED do stavu OPEN_CAMERA
2020-04-03 15:53:11,606 [4] DEBUG WRPServer.Network.Client.ClientHandler - Aktualni stav ClientHandler je OPEN_CAMERA
2020-04-03 15:53:11,608 [4] DEBUG WRPServer.Network.Client.ClientHandler - Zprava typu OpenCamera ma delku payloadu 8
2020-04-03 15:53:11,609 [4] DEBUG WRPServer.Network.Client.ClientHandler - Cekam na nacteni 8 z klientskeho socketu.
2020-04-03 15:53:11,609 [4] DEBUG WRPServer.Network.Client.ClientHandler - Ze socketu uspesne nacteno 8 bajtu.
2020-04-03 15:53:11,612 [4] DEBUG WRPServer.Network.Client.WICGrabber - Volani cam.Connect()
2020-04-03 15:53:13,123 [4] DEBUG WRPServer.Network.Client.WICGrabber - Event camera_Disconnected byl zachycen
2020-04-03 15:53:13,129 [4] ERROR WRPServer.Program - Neosetrena vyjimka detekovana: TIMEOUT: PvBaseLib::BaseCommandLinkGEV::SendCommand Command link operation failure
2020-04-03 15:53:13,129 [4] INFO WRPServer.Program - Aplikace bude ukoncena.
2020-04-03 15:54:11,350 [1] INFO WRPServer.Program - Spoustim aplikaci.
2020-04-03 15:54:11,378 [1] INFO WRPServer.Program - Pripravuji zachycení Control+C pro vypnutí
2020-04-03 15:54:11,380 [1] INFO WRPServer.Program - Spoustim rídící aplikaci a predávám jí velení
2020-04-03 15:54:11,447 [1] INFO WRPServer.Network.Server.ServerSocket - Inicializuji datove struktury socketu pro 10.12.56.12:6412
2020-04-03 15:54:11,449 [1] INFO WRPServer.Network.Server.ServerSocket - Vstupuji do smycky pro prijimani klientu.
2020-04-03 15:54:11,451 [1] INFO WRPServer.Network.Server.ServerSocket - Cekam na pripojeni klienta.
2020-04-03 15:54:22,493 [1] INFO WRPServer.Network.Server.ServerSocket - Pripojil se novy klient! Inicializuji ClientContext.
2020-04-03 15:54:22,494 [1] INFO WRPServer.Network.Server.ServerSocket - Predavam obsluhu noveho klienta do dedikovaneho vlakna.
2020-04-03 15:54:22,495 [1] INFO WRPServer.Network.Server.ServerSocket - Cekam na pripojeni klienta.
2020-04-03 15:54:22,526 [4] DEBUG WRPServer.Network.Client.ClientHandler - Nastavuji objekty pro cteni klientskeho socketu.
2020-04-03 15:54:22,526 [4] DEBUG WRPServer.Network.Client.ClientHandler - Proxy objekty NetworkStream a BinaryReader pro cteni klientskeho Socketu uspesne vytvoreny.
2020-04-03 15:54:22,528 [4] DEBUG WRPServer.Network.Client.ClientHandler - Cekam na nacteni bajtu ze socketu.
2020-04-03 15:54:26,556 [4] DEBUG WRPServer.Network.Client.ClientHandler - Prijaty novy bajt od klienta: 3
2020-04-03 15:54:26,557 [4] DEBUG WRPServer.Network.Client.ClientHandler - Prijata zprava typu GET_CAMERA_LIST
2020-04-03 15:54:26,558 [4] DEBUG WRPServer.Network.Client.ClientHandler - Cekam na nacteni 4 z klientskeho socketu.
2020-04-03 15:54:26,558 [4] DEBUG WRPServer.Network.Client.ClientHandler - Ze socketu uspesne nacteno 4 bajtu.
2020-04-03 15:54:26,559 [4] DEBUG WRPServer.Network.Client.ClientHandler - Aktualni stav ClientHandler je CONNECTED
2020-04-03 15:54:26,559 [4] DEBUG WRPServer.Network.Client.ClientHandler - Vysledek zpracovani akce: True
2020-04-03 15:54:26,559 [4] DEBUG WRPServer.Network.Client.ClientHandler - Posun ze stavu CONNECTED do stavu GET_CAMERA_LIST
2020-04-03 15:54:26,559 [4] DEBUG WRPServer.Network.Client.ClientHandler - Aktualni stav ClientHandler je GET_CAMERA_LIST
2020-04-03 15:54:29,776 [4] DEBUG WRPServer.Network.Client.ClientHandler - Velikost payloadu pro zpravu typu CAMERA_LIST je 247
2020-04-03 15:54:29,777 [4] DEBUG WRPServer.Network.Client.ClientHandler - Vysledek zpracovani akce: True
2020-04-03 15:54:29,778 [4] DEBUG WRPServer.Network.Client.ClientHandler - Bude odeslan vystupni buffer.
2020-04-03 15:54:29,778 [4] DEBUG WRPServer.Network.Client.ClientHandler - Pozice v bufferu pred odeslanim: 252
2020-04-03 15:54:29,779 [4] DEBUG WRPServer.Network.Client.ClientHandler - Posun ze stavu GET_CAMERA_LIST do stavu CONNECTED
2020-04-03 15:54:29,780 [4] DEBUG WRPServer.Network.Client.ClientHandler - Cekam na nacteni bajtu ze socketu.
2020-04-03 15:54:40,058 [4] DEBUG WRPServer.Network.Client.ClientHandler - Prijaty novy bajt od klienta: 3
2020-04-03 15:54:40,058 [4] DEBUG WRPServer.Network.Client.ClientHandler - Prijata zprava typu GET_CAMERA_LIST
2020-04-03 15:54:40,062 [4] DEBUG WRPServer.Network.Client.ClientHandler - Cekam na nacteni 4 z klientskeho socketu.
2020-04-03 15:54:40,064 [4] DEBUG WRPServer.Network.Client.ClientHandler - Ze socketu uspesne nacteno 4 bajtu.
2020-04-03 15:54:40,065 [4] DEBUG WRPServer.Network.Client.ClientHandler - Aktualni stav ClientHandler je CONNECTED
2020-04-03 15:54:40,066 [4] DEBUG WRPServer.Network.Client.ClientHandler - Vysledek zpracovani akce: True
2020-04-03 15:54:40,067 [4] DEBUG WRPServer.Network.Client.ClientHandler - Posun ze stavu CONNECTED do stavu GET_CAMERA_LIST
2020-04-03 15:54:40,068 [4] DEBUG WRPServer.Network.Client.ClientHandler - Aktualni stav ClientHandler je GET_CAMERA_LIST
2020-04-03 15:54:40,070 [4] DEBUG WRPServer.Network.Client.ClientHandler - Velikost payloadu pro zpravu typu CAMERA_LIST je 247
2020-04-03 15:54:40,072 [4] DEBUG WRPServer.Network.Client.ClientHandler - Vysledek zpracovani akce: True
2020-04-03 15:54:40,073 [4] DEBUG WRPServer.Network.Client.ClientHandler - Bude odeslan vystupni buffer.
2020-04-03 15:54:40,074 [4] DEBUG WRPServer.Network.Client.ClientHandler - Pozice v bufferu pred odeslanim: 252
2020-04-03 15:54:40,075 [4] DEBUG WRPServer.Network.Client.ClientHandler - Posun ze stavu GET_CAMERA_LIST do stavu CONNECTED
2020-04-03 15:54:40,076 [4] DEBUG WRPServer.Network.Client.ClientHandler - Cekam na nacteni bajtu ze socketu.
2020-04-03 15:54:46,478 [4] DEBUG WRPServer.Network.Client.ClientHandler - Prijaty novy bajt od klienta: 5
2020-04-03 15:54:46,479 [4] DEBUG WRPServer.Network.Client.ClientHandler - Prijata zprava typu OPEN_CAMERA
2020-04-03 15:54:46,481 [4] DEBUG WRPServer.Network.Client.ClientHandler - Cekam na nacteni 4 z klientskeho socketu.
2020-04-03 15:54:46,482 [4] DEBUG WRPServer.Network.Client.ClientHandler - Ze socketu uspesne nacteno 4 bajtu.
2020-04-03 15:54:46,482 [4] DEBUG WRPServer.Network.Client.ClientHandler - Aktualni stav ClientHandler je CONNECTED
2020-04-03 15:54:46,483 [4] DEBUG WRPServer.Network.Client.ClientHandler - Vysledek zpracovani akce: True
2020-04-03 15:54:46,484 [4] DEBUG WRPServer.Network.Client.ClientHandler - Posun ze stavu CONNECTED do stavu OPEN_CAMERA
2020-04-03 15:54:46,485 [4] DEBUG WRPServer.Network.Client.ClientHandler - Aktualni stav ClientHandler je OPEN_CAMERA
2020-04-03 15:54:46,487 [4] DEBUG WRPServer.Network.Client.ClientHandler - Zprava typu OpenCamera ma delku payloadu 8
2020-04-03 15:54:46,487 [4] DEBUG WRPServer.Network.Client.ClientHandler - Cekam na nacteni 8 z klientskeho socketu.
2020-04-03 15:54:46,487 [4] DEBUG WRPServer.Network.Client.ClientHandler - Ze socketu uspesne nacteno 8 bajtu.
2020-04-03 15:54:46,490 [4] DEBUG WRPServer.Network.Client.WICGrabber - Volani cam.Connect()
2020-04-03 15:54:47,972 [4] DEBUG WRPServer.Network.Client.WICGrabber - Event camera_Disconnected byl zachycen
2020-04-03 15:54:47,974 [4] ERROR WRPServer.Program - Neosetrena vyjimka detekovana: TIMEOUT: PvBaseLib::BaseCommandLinkGEV::SendCommand Command link operation failure
2020-04-03 15:54:47,974 [4] INFO WRPServer.Program - Aplikace bude ukoncena.
2020-04-03 15:55:09,169 [1] INFO WRPServer.Program - Spoustim aplikaci.
2020-04-03 15:55:09,185 [1] INFO WRPServer.Program - Pripravuji zachycení Control+C pro vypnutí
2020-04-03 15:55:09,186 [1] INFO WRPServer.Program - Spoustim rídící aplikaci a predávám jí velení
2020-04-03 15:55:09,201 [1] INFO WRPServer.Network.Server.ServerSocket - Inicializuji datove struktury socketu pro 10.12.56.12:6412
2020-04-03 15:55:09,201 [1] INFO WRPServer.Network.Server.ServerSocket - Vstupuji do smycky pro prijimani klientu.
2020-04-03 15:55:09,201 [1] INFO WRPServer.Network.Server.ServerSocket - Cekam na pripojeni klienta.
2020-04-03 15:55:21,225 [1] INFO WRPServer.Network.Server.ServerSocket - Pripojil se novy klient! Inicializuji ClientContext.
2020-04-03 15:55:21,227 [1] INFO WRPServer.Network.Server.ServerSocket - Predavam obsluhu noveho klienta do dedikovaneho vlakna.
2020-04-03 15:55:21,227 [1] INFO WRPServer.Network.Server.ServerSocket - Cekam na pripojeni klienta.
2020-04-03 15:55:21,233 [4] DEBUG WRPServer.Network.Client.ClientHandler - Nastavuji objekty pro cteni klientskeho socketu.
2020-04-03 15:55:21,233 [4] DEBUG WRPServer.Network.Client.ClientHandler - Proxy objekty NetworkStream a BinaryReader pro cteni klientskeho Socketu uspesne vytvoreny.
2020-04-03 15:55:21,234 [4] DEBUG WRPServer.Network.Client.ClientHandler - Cekam na nacteni bajtu ze socketu.
2020-04-03 15:55:24,814 [4] DEBUG WRPServer.Network.Client.ClientHandler - Prijaty novy bajt od klienta: 3
2020-04-03 15:55:24,814 [4] DEBUG WRPServer.Network.Client.ClientHandler - Prijata zprava typu GET_CAMERA_LIST
2020-04-03 15:55:24,816 [4] DEBUG WRPServer.Network.Client.ClientHandler - Cekam na nacteni 4 z klientskeho socketu.
2020-04-03 15:55:24,816 [4] DEBUG WRPServer.Network.Client.ClientHandler - Ze socketu uspesne nacteno 4 bajtu.
2020-04-03 15:55:24,816 [4] DEBUG WRPServer.Network.Client.ClientHandler - Aktualni stav ClientHandler je CONNECTED
2020-04-03 15:55:24,817 [4] DEBUG WRPServer.Network.Client.ClientHandler - Vysledek zpracovani akce: True
2020-04-03 15:55:24,817 [4] DEBUG WRPServer.Network.Client.ClientHandler - Posun ze stavu CONNECTED do stavu GET_CAMERA_LIST
2020-04-03 15:55:24,817 [4] DEBUG WRPServer.Network.Client.ClientHandler - Aktualni stav ClientHandler je GET_CAMERA_LIST
2020-04-03 15:55:27,772 [4] DEBUG WRPServer.Network.Client.ClientHandler - Velikost payloadu pro zpravu typu CAMERA_LIST je 247
2020-04-03 15:55:27,774 [4] DEBUG WRPServer.Network.Client.ClientHandler - Vysledek zpracovani akce: True
2020-04-03 15:55:27,775 [4] DEBUG WRPServer.Network.Client.ClientHandler - Bude odeslan vystupni buffer.
2020-04-03 15:55:27,775 [4] DEBUG WRPServer.Network.Client.ClientHandler - Pozice v bufferu pred odeslanim: 252
2020-04-03 15:55:27,776 [4] DEBUG WRPServer.Network.Client.ClientHandler - Posun ze stavu GET_CAMERA_LIST do stavu CONNECTED
2020-04-03 15:55:27,777 [4] DEBUG WRPServer.Network.Client.ClientHandler - Cekam na nacteni bajtu ze socketu.
2020-04-03 15:55:30,966 [4] DEBUG WRPServer.Network.Client.ClientHandler - Prijaty novy bajt od klienta: 3
2020-04-03 15:55:30,966 [4] DEBUG WRPServer.Network.Client.ClientHandler - Prijata zprava typu GET_CAMERA_LIST
2020-04-03 15:55:30,968 [4] DEBUG WRPServer.Network.Client.ClientHandler - Cekam na nacteni 4 z klientskeho socketu.
2020-04-03 15:55:30,968 [4] DEBUG WRPServer.Network.Client.ClientHandler - Ze socketu uspesne nacteno 4 bajtu.
2020-04-03 15:55:30,969 [4] DEBUG WRPServer.Network.Client.ClientHandler - Aktualni stav ClientHandler je CONNECTED
2020-04-03 15:55:30,969 [4] DEBUG WRPServer.Network.Client.ClientHandler - Vysledek zpracovani akce: True
2020-04-03 15:55:30,970 [4] DEBUG WRPServer.Network.Client.ClientHandler - Posun ze stavu CONNECTED do stavu GET_CAMERA_LIST
2020-04-03 15:55:30,970 [4] DEBUG WRPServer.Network.Client.ClientHandler - Aktualni stav ClientHandler je GET_CAMERA_LIST
2020-04-03 15:55:30,971 [4] DEBUG WRPServer.Network.Client.ClientHandler - Velikost payloadu pro zpravu typu CAMERA_LIST je 247
2020-04-03 15:55:30,971 [4] DEBUG WRPServer.Network.Client.ClientHandler - Vysledek zpracovani akce: True
2020-04-03 15:55:30,972 [4] DEBUG WRPServer.Network.Client.ClientHandler - Bude odeslan vystupni buffer.
2020-04-03 15:55:30,973 [4] DEBUG WRPServer.Network.Client.ClientHandler - Pozice v bufferu pred odeslanim: 252
2020-04-03 15:55:30,973 [4] DEBUG WRPServer.Network.Client.ClientHandler - Posun ze stavu GET_CAMERA_LIST do stavu CONNECTED
2020-04-03 15:55:30,973 [4] DEBUG WRPServer.Network.Client.ClientHandler - Cekam na nacteni bajtu ze socketu.
2020-04-03 15:55:36,000 [4] DEBUG WRPServer.Network.Client.ClientHandler - Prijaty novy bajt od klienta: 5
2020-04-03 15:55:36,000 [4] DEBUG WRPServer.Network.Client.ClientHandler - Prijata zprava typu OPEN_CAMERA
2020-04-03 15:55:36,002 [4] DEBUG WRPServer.Network.Client.ClientHandler - Cekam na nacteni 4 z klientskeho socketu.
2020-04-03 15:55:36,002 [4] DEBUG WRPServer.Network.Client.ClientHandler - Ze socketu uspesne nacteno 4 bajtu.
2020-04-03 15:55:36,003 [4] DEBUG WRPServer.Network.Client.ClientHandler - Aktualni stav ClientHandler je CONNECTED
2020-04-03 15:55:36,003 [4] DEBUG WRPServer.Network.Client.ClientHandler - Vysledek zpracovani akce: True
2020-04-03 15:55:36,004 [4] DEBUG WRPServer.Network.Client.ClientHandler - Posun ze stavu CONNECTED do stavu OPEN_CAMERA
2020-04-03 15:55:36,005 [4] DEBUG WRPServer.Network.Client.ClientHandler - Aktualni stav ClientHandler je OPEN_CAMERA
2020-04-03 15:55:36,006 [4] DEBUG WRPServer.Network.Client.ClientHandler - Zprava typu OpenCamera ma delku payloadu 8
2020-04-03 15:55:36,007 [4] DEBUG WRPServer.Network.Client.ClientHandler - Cekam na nacteni 8 z klientskeho socketu.
2020-04-03 15:55:36,009 [4] DEBUG WRPServer.Network.Client.ClientHandler - Ze socketu uspesne nacteno 8 bajtu.
2020-04-03 15:55:36,012 [4] DEBUG WRPServer.Network.Client.WICGrabber - Volani cam.Connect()
2020-04-03 15:55:37,494 [4] DEBUG WRPServer.Network.Client.WICGrabber - Event camera_Disconnected byl zachycen
2020-04-03 15:55:37,496 [4] ERROR WRPServer.Program - Neosetrena vyjimka detekovana: TIMEOUT: PvBaseLib::BaseCommandLinkGEV::SendCommand Command link operation failure
2020-04-03 15:55:37,496 [4] INFO WRPServer.Program - Aplikace bude ukoncena.
2020-04-03 15:57:35,414 [1] INFO WRPServer.Program - Spoustim aplikaci.
2020-04-03 15:57:35,443 [1] INFO WRPServer.Program - Pripravuji zachycení Control+C pro vypnutí
2020-04-03 15:57:35,446 [1] INFO WRPServer.Program - Spoustim rídící aplikaci a predávám jí velení
2020-04-03 15:57:35,502 [1] INFO WRPServer.Network.Server.ServerSocket - Inicializuji datove struktury socketu pro 10.12.56.12:6412
2020-04-03 15:57:35,503 [1] INFO WRPServer.Network.Server.ServerSocket - Vstupuji do smycky pro prijimani klientu.
2020-04-03 15:57:35,503 [1] INFO WRPServer.Network.Server.ServerSocket - Cekam na pripojeni klienta.
2020-04-03 15:57:48,709 [1] INFO WRPServer.Program - Spoustim aplikaci.
2020-04-03 15:57:48,724 [1] INFO WRPServer.Program - Pripravuji zachycení Control+C pro vypnutí
2020-04-03 15:57:48,725 [1] INFO WRPServer.Program - Spoustim rídící aplikaci a predávám jí velení
2020-04-03 15:57:48,740 [1] INFO WRPServer.Network.Server.ServerSocket - Inicializuji datove struktury socketu pro 10.12.56.12:6412
2020-04-03 15:57:48,741 [1] INFO WRPServer.Network.Server.ServerSocket - Vstupuji do smycky pro prijimani klientu.
2020-04-03 15:57:48,741 [1] INFO WRPServer.Network.Server.ServerSocket - Cekam na pripojeni klienta.
2020-04-03 15:57:55,726 [1] INFO WRPServer.Network.Server.ServerSocket - Pripojil se novy klient! Inicializuji ClientContext.
2020-04-03 15:57:55,726 [1] INFO WRPServer.Network.Server.ServerSocket - Predavam obsluhu noveho klienta do dedikovaneho vlakna.
2020-04-03 15:57:55,727 [1] INFO WRPServer.Network.Server.ServerSocket - Cekam na pripojeni klienta.
2020-04-03 15:57:55,732 [4] DEBUG WRPServer.Network.Client.ClientHandler - Nastavuji objekty pro cteni klientskeho socketu.
2020-04-03 15:57:55,733 [4] DEBUG WRPServer.Network.Client.ClientHandler - Proxy objekty NetworkStream a BinaryReader pro cteni klientskeho Socketu uspesne vytvoreny.
2020-04-03 15:57:55,734 [4] DEBUG WRPServer.Network.Client.ClientHandler - Cekam na nacteni bajtu ze socketu.
2020-04-03 15:57:59,031 [4] DEBUG WRPServer.Network.Client.ClientHandler - Prijaty novy bajt od klienta: 3
2020-04-03 15:57:59,031 [4] DEBUG WRPServer.Network.Client.ClientHandler - Prijata zprava typu GET_CAMERA_LIST
2020-04-03 15:57:59,033 [4] DEBUG WRPServer.Network.Client.ClientHandler - Cekam na nacteni 4 z klientskeho socketu.
2020-04-03 15:57:59,033 [4] DEBUG WRPServer.Network.Client.ClientHandler - Ze socketu uspesne nacteno 4 bajtu.
2020-04-03 15:57:59,033 [4] DEBUG WRPServer.Network.Client.ClientHandler - Aktualni stav ClientHandler je CONNECTED
2020-04-03 15:57:59,034 [4] DEBUG WRPServer.Network.Client.ClientHandler - Vysledek zpracovani akce: True
2020-04-03 15:57:59,034 [4] DEBUG WRPServer.Network.Client.ClientHandler - Posun ze stavu CONNECTED do stavu GET_CAMERA_LIST
2020-04-03 15:57:59,034 [4] DEBUG WRPServer.Network.Client.ClientHandler - Aktualni stav ClientHandler je GET_CAMERA_LIST
2020-04-03 15:58:01,960 [4] DEBUG WRPServer.Network.Client.ClientHandler - Velikost payloadu pro zpravu typu CAMERA_LIST je 247
2020-04-03 15:58:01,961 [4] DEBUG WRPServer.Network.Client.ClientHandler - Vysledek zpracovani akce: True
2020-04-03 15:58:01,961 [4] DEBUG WRPServer.Network.Client.ClientHandler - Bude odeslan vystupni buffer.
2020-04-03 15:58:01,962 [4] DEBUG WRPServer.Network.Client.ClientHandler - Pozice v bufferu pred odeslanim: 252
2020-04-03 15:58:01,962 [4] DEBUG WRPServer.Network.Client.ClientHandler - Posun ze stavu GET_CAMERA_LIST do stavu CONNECTED
2020-04-03 15:58:01,963 [4] DEBUG WRPServer.Network.Client.ClientHandler - Cekam na nacteni bajtu ze socketu.
2020-04-03 15:58:04,447 [4] DEBUG WRPServer.Network.Client.ClientHandler - Prijaty novy bajt od klienta: 3
2020-04-03 15:58:04,447 [4] DEBUG WRPServer.Network.Client.ClientHandler - Prijata zprava typu GET_CAMERA_LIST
2020-04-03 15:58:04,449 [4] DEBUG WRPServer.Network.Client.ClientHandler - Cekam na nacteni 4 z klientskeho socketu.
2020-04-03 15:58:04,450 [4] DEBUG WRPServer.Network.Client.ClientHandler - Ze socketu uspesne nacteno 4 bajtu.
2020-04-03 15:58:04,451 [4] DEBUG WRPServer.Network.Client.ClientHandler - Aktualni stav ClientHandler je CONNECTED
2020-04-03 15:58:04,451 [4] DEBUG WRPServer.Network.Client.ClientHandler - Vysledek zpracovani akce: True
2020-04-03 15:58:04,452 [4] DEBUG WRPServer.Network.Client.ClientHandler - Posun ze stavu CONNECTED do stavu GET_CAMERA_LIST
2020-04-03 15:58:04,452 [4] DEBUG WRPServer.Network.Client.ClientHandler - Aktualni stav ClientHandler je GET_CAMERA_LIST
2020-04-03 15:58:04,453 [4] DEBUG WRPServer.Network.Client.ClientHandler - Velikost payloadu pro zpravu typu CAMERA_LIST je 247
2020-04-03 15:58:04,453 [4] DEBUG WRPServer.Network.Client.ClientHandler - Vysledek zpracovani akce: True
2020-04-03 15:58:04,454 [4] DEBUG WRPServer.Network.Client.ClientHandler - Bude odeslan vystupni buffer.
2020-04-03 15:58:04,455 [4] DEBUG WRPServer.Network.Client.ClientHandler - Pozice v bufferu pred odeslanim: 252
2020-04-03 15:58:04,455 [4] DEBUG WRPServer.Network.Client.ClientHandler - Posun ze stavu GET_CAMERA_LIST do stavu CONNECTED
2020-04-03 15:58:04,456 [4] DEBUG WRPServer.Network.Client.ClientHandler - Cekam na nacteni bajtu ze socketu.
2020-04-03 15:58:12,004 [4] DEBUG WRPServer.Network.Client.ClientHandler - Prijaty novy bajt od klienta: 5
2020-04-03 15:58:12,005 [4] DEBUG WRPServer.Network.Client.ClientHandler - Prijata zprava typu OPEN_CAMERA
2020-04-03 15:58:12,007 [4] DEBUG WRPServer.Network.Client.ClientHandler - Cekam na nacteni 4 z klientskeho socketu.
2020-04-03 15:58:12,007 [4] DEBUG WRPServer.Network.Client.ClientHandler - Ze socketu uspesne nacteno 4 bajtu.
2020-04-03 15:58:12,007 [4] DEBUG WRPServer.Network.Client.ClientHandler - Aktualni stav ClientHandler je CONNECTED
2020-04-03 15:58:12,008 [4] DEBUG WRPServer.Network.Client.ClientHandler - Vysledek zpracovani akce: True
2020-04-03 15:58:12,008 [4] DEBUG WRPServer.Network.Client.ClientHandler - Posun ze stavu CONNECTED do stavu OPEN_CAMERA
2020-04-03 15:58:12,009 [4] DEBUG WRPServer.Network.Client.ClientHandler - Aktualni stav ClientHandler je OPEN_CAMERA
2020-04-03 15:58:12,011 [4] DEBUG WRPServer.Network.Client.ClientHandler - Zprava typu OpenCamera ma delku payloadu 8
2020-04-03 15:58:12,012 [4] DEBUG WRPServer.Network.Client.ClientHandler - Cekam na nacteni 8 z klientskeho socketu.
2020-04-03 15:58:12,012 [4] DEBUG WRPServer.Network.Client.ClientHandler - Ze socketu uspesne nacteno 8 bajtu.
2020-04-03 15:58:12,014 [4] DEBUG WRPServer.Network.Client.WICGrabber - Volani cam.Connect()
2020-04-03 15:58:18,809 [4] DEBUG WRPServer.Network.Client.WICGrabber - Event camera_Connected byl zachycen
2020-04-03 15:58:18,809 [4] DEBUG WRPServer.Network.Client.WICGrabber - Cekani na event camera_Connected...
2020-04-03 15:58:18,810 [4] DEBUG WRPServer.Network.Client.ClientHandler - Kamera 093D1806 byla pripojena
2020-04-03 15:58:18,812 [4] DEBUG WRPServer.Network.Client.ClientHandler - Vysledek zpracovani akce: True
2020-04-03 15:58:18,812 [4] DEBUG WRPServer.Network.Client.ClientHandler - Bude odeslan vystupni buffer.
2020-04-03 15:58:18,813 [4] DEBUG WRPServer.Network.Client.ClientHandler - Pozice v bufferu pred odeslanim: 5
2020-04-03 15:58:18,813 [4] DEBUG WRPServer.Network.Client.ClientHandler - Posun ze stavu OPEN_CAMERA do stavu CAMERA_SELECTED
2020-04-03 15:58:18,814 [4] DEBUG WRPServer.Network.Client.ClientHandler - Cekam na nacteni bajtu ze socketu.
2020-04-03 15:59:15,412 [4] DEBUG WRPServer.Network.Client.ClientHandler - Prijaty novy bajt od klienta: 7
2020-04-03 15:59:15,412 [4] DEBUG WRPServer.Network.Client.ClientHandler - Prijata zprava typu GET_FRAME
2020-04-03 15:59:15,415 [4] DEBUG WRPServer.Network.Client.ClientHandler - Cekam na nacteni 4 z klientskeho socketu.
2020-04-03 15:59:15,416 [4] DEBUG WRPServer.Network.Client.ClientHandler - Ze socketu uspesne nacteno 4 bajtu.
2020-04-03 15:59:15,417 [4] DEBUG WRPServer.Network.Client.ClientHandler - Aktualni stav ClientHandler je CAMERA_SELECTED
2020-04-03 15:59:15,418 [4] DEBUG WRPServer.Network.Client.ClientHandler - Vysledek zpracovani akce: True
2020-04-03 15:59:15,419 [4] DEBUG WRPServer.Network.Client.ClientHandler - Posun ze stavu CAMERA_SELECTED do stavu GET_FRAME
2020-04-03 15:59:15,419 [4] DEBUG WRPServer.Network.Client.ClientHandler - Aktualni stav ClientHandler je GET_FRAME
2020-04-03 15:59:15,421 [4] DEBUG WRPServer.Network.Client.ClientHandler - Zpracovavam pozadavek na jeden snimek.
2020-04-03 15:59:15,421 [4] DEBUG WRPServer.Network.Client.WICGrabber - Volani cam.StartAcquisition()
2020-04-03 15:59:15,518 [4] DEBUG WRPServer.Network.Client.WICGrabber - Event camera_AcquisitionStarted byl zachycen
2020-04-03 15:59:15,518 [4] DEBUG WRPServer.Network.Client.WICGrabber - Cekani na event camera_AcquisitionStarted...
2020-04-03 15:59:15,520 [4] WARN WRPServer.Network.Client.WICGrabber - Ziskavani noveho snimku...
2020-04-03 15:59:15,668 [4] DEBUG WRPServer.Network.Client.WICGrabber - Vyska obrazku je 512
2020-04-03 15:59:15,668 [4] DEBUG WRPServer.Network.Client.WICGrabber - Sirka obrazku je 640
2020-04-03 15:59:15,671 [4] DEBUG WRPServer.Network.Client.WICGrabber - Delka pole temperatures je: 327680
2020-04-03 15:59:15,671 [4] DEBUG WRPServer.Network.Client.WICGrabber - Pocet dimenzi pole temperatures je: 1
2020-04-03 15:59:15,672 [4] DEBUG WRPServer.Network.Client.ClientHandler - Ziskali jsme snimek!
2020-04-03 15:59:15,673 [4] DEBUG WRPServer.Network.Client.WICGrabber - Volani cam.StopAcquisition()
2020-04-03 15:59:15,676 [4] DEBUG WRPServer.Network.Client.WICGrabber - Event camera_AcquisitionStoped byl zachycen
2020-04-03 15:59:15,677 [4] DEBUG WRPServer.Network.Client.WICGrabber - Cekani na event camera_AcquisitionStopped...
2020-04-03 15:59:15,701 [4] DEBUG WRPServer.Network.Client.ClientHandler - Vysledek zpracovani akce: True
2020-04-03 15:59:15,701 [4] DEBUG WRPServer.Network.Client.ClientHandler - Bude odeslan vystupni buffer.
2020-04-03 15:59:15,704 [4] DEBUG WRPServer.Network.Client.ClientHandler - Pozice v bufferu pred odeslanim: 1310741
2020-04-03 15:59:15,709 [4] DEBUG WRPServer.Network.Client.ClientHandler - Posun ze stavu GET_FRAME do stavu CAMERA_SELECTED
2020-04-03 15:59:15,710 [4] DEBUG WRPServer.Network.Client.ClientHandler - Cekam na nacteni bajtu ze socketu.
2020-04-03 15:59:23,003 [4] DEBUG WRPServer.Network.Client.ClientHandler - Prijaty novy bajt od klienta: 7
2020-04-03 15:59:23,004 [4] DEBUG WRPServer.Network.Client.ClientHandler - Prijata zprava typu GET_FRAME
2020-04-03 15:59:23,005 [4] DEBUG WRPServer.Network.Client.ClientHandler - Cekam na nacteni 4 z klientskeho socketu.
2020-04-03 15:59:23,006 [4] DEBUG WRPServer.Network.Client.ClientHandler - Ze socketu uspesne nacteno 4 bajtu.
2020-04-03 15:59:23,007 [4] DEBUG WRPServer.Network.Client.ClientHandler - Aktualni stav ClientHandler je CAMERA_SELECTED
2020-04-03 15:59:23,007 [4] DEBUG WRPServer.Network.Client.ClientHandler - Vysledek zpracovani akce: True
2020-04-03 15:59:23,008 [4] DEBUG WRPServer.Network.Client.ClientHandler - Posun ze stavu CAMERA_SELECTED do stavu GET_FRAME
2020-04-03 15:59:23,008 [4] DEBUG WRPServer.Network.Client.ClientHandler - Aktualni stav ClientHandler je GET_FRAME
2020-04-03 15:59:23,009 [4] DEBUG WRPServer.Network.Client.ClientHandler - Zpracovavam pozadavek na jeden snimek.
2020-04-03 15:59:23,010 [4] DEBUG WRPServer.Network.Client.WICGrabber - Volani cam.StartAcquisition()
2020-04-03 15:59:23,109 [4] DEBUG WRPServer.Network.Client.WICGrabber - Event camera_AcquisitionStarted byl zachycen
2020-04-03 15:59:23,109 [4] DEBUG WRPServer.Network.Client.WICGrabber - Cekani na event camera_AcquisitionStarted...
2020-04-03 15:59:23,110 [4] WARN WRPServer.Network.Client.WICGrabber - Ziskavani noveho snimku...
2020-04-03 15:59:23,190 [4] DEBUG WRPServer.Network.Client.WICGrabber - Vyska obrazku je 512
2020-04-03 15:59:23,190 [4] DEBUG WRPServer.Network.Client.WICGrabber - Sirka obrazku je 640
2020-04-03 15:59:23,191 [4] DEBUG WRPServer.Network.Client.WICGrabber - Delka pole temperatures je: 327680
2020-04-03 15:59:23,192 [4] DEBUG WRPServer.Network.Client.WICGrabber - Pocet dimenzi pole temperatures je: 1
2020-04-03 15:59:23,192 [4] DEBUG WRPServer.Network.Client.ClientHandler - Ziskali jsme snimek!
2020-04-03 15:59:23,193 [4] DEBUG WRPServer.Network.Client.WICGrabber - Volani cam.StopAcquisition()
2020-04-03 15:59:23,197 [4] DEBUG WRPServer.Network.Client.WICGrabber - Event camera_AcquisitionStoped byl zachycen
2020-04-03 15:59:23,197 [4] DEBUG WRPServer.Network.Client.WICGrabber - Cekani na event camera_AcquisitionStopped...
2020-04-03 15:59:23,218 [4] DEBUG WRPServer.Network.Client.ClientHandler - Vysledek zpracovani akce: True
2020-04-03 15:59:23,218 [4] DEBUG WRPServer.Network.Client.ClientHandler - Bude odeslan vystupni buffer.
2020-04-03 15:59:23,219 [4] DEBUG WRPServer.Network.Client.ClientHandler - Pozice v bufferu pred odeslanim: 1310741
2020-04-03 15:59:23,223 [4] DEBUG WRPServer.Network.Client.ClientHandler - Posun ze stavu GET_FRAME do stavu CAMERA_SELECTED
2020-04-03 15:59:23,223 [4] DEBUG WRPServer.Network.Client.ClientHandler - Cekam na nacteni bajtu ze socketu.
2020-04-03 15:59:26,606 [4] DEBUG WRPServer.Network.Client.ClientHandler - Prijaty novy bajt od klienta: 7
2020-04-03 15:59:26,606 [4] DEBUG WRPServer.Network.Client.ClientHandler - Prijata zprava typu GET_FRAME
2020-04-03 15:59:26,612 [4] DEBUG WRPServer.Network.Client.ClientHandler - Cekam na nacteni 4 z klientskeho socketu.
2020-04-03 15:59:26,615 [4] DEBUG WRPServer.Network.Client.ClientHandler - Ze socketu uspesne nacteno 4 bajtu.
2020-04-03 15:59:26,617 [4] DEBUG WRPServer.Network.Client.ClientHandler - Aktualni stav ClientHandler je CAMERA_SELECTED
2020-04-03 15:59:26,624 [4] DEBUG WRPServer.Network.Client.ClientHandler - Vysledek zpracovani akce: True
2020-04-03 15:59:26,627 [4] DEBUG WRPServer.Network.Client.ClientHandler - Posun ze stavu CAMERA_SELECTED do stavu GET_FRAME
2020-04-03 15:59:26,629 [4] DEBUG WRPServer.Network.Client.ClientHandler - Aktualni stav ClientHandler je GET_FRAME
2020-04-03 15:59:26,633 [4] DEBUG WRPServer.Network.Client.ClientHandler - Zpracovavam pozadavek na jeden snimek.
2020-04-03 15:59:26,636 [4] DEBUG WRPServer.Network.Client.WICGrabber - Volani cam.StartAcquisition()
2020-04-03 15:59:26,720 [4] DEBUG WRPServer.Network.Client.WICGrabber - Event camera_AcquisitionStarted byl zachycen
2020-04-03 15:59:26,720 [4] DEBUG WRPServer.Network.Client.WICGrabber - Cekani na event camera_AcquisitionStarted...
2020-04-03 15:59:26,722 [4] WARN WRPServer.Network.Client.WICGrabber - Ziskavani noveho snimku...
2020-04-03 15:59:26,799 [4] DEBUG WRPServer.Network.Client.WICGrabber - Vyska obrazku je 512
2020-04-03 15:59:26,800 [4] DEBUG WRPServer.Network.Client.WICGrabber - Sirka obrazku je 640
2020-04-03 15:59:26,800 [4] DEBUG WRPServer.Network.Client.WICGrabber - Delka pole temperatures je: 327680
2020-04-03 15:59:26,801 [4] DEBUG WRPServer.Network.Client.WICGrabber - Pocet dimenzi pole temperatures je: 1
2020-04-03 15:59:26,802 [4] DEBUG WRPServer.Network.Client.ClientHandler - Ziskali jsme snimek!
2020-04-03 15:59:26,802 [4] DEBUG WRPServer.Network.Client.WICGrabber - Volani cam.StopAcquisition()
2020-04-03 15:59:26,805 [4] DEBUG WRPServer.Network.Client.WICGrabber - Event camera_AcquisitionStoped byl zachycen
2020-04-03 15:59:26,805 [4] DEBUG WRPServer.Network.Client.WICGrabber - Cekani na event camera_AcquisitionStopped...
2020-04-03 15:59:26,826 [4] DEBUG WRPServer.Network.Client.ClientHandler - Vysledek zpracovani akce: True
2020-04-03 15:59:26,826 [4] DEBUG WRPServer.Network.Client.ClientHandler - Bude odeslan vystupni buffer.
2020-04-03 15:59:26,828 [4] DEBUG WRPServer.Network.Client.ClientHandler - Pozice v bufferu pred odeslanim: 1310741
2020-04-03 15:59:26,834 [4] DEBUG WRPServer.Network.Client.ClientHandler - Posun ze stavu GET_FRAME do stavu CAMERA_SELECTED
2020-04-03 15:59:26,835 [4] DEBUG WRPServer.Network.Client.ClientHandler - Cekam na nacteni bajtu ze socketu.
2020-04-03 15:59:27,875 [4] DEBUG WRPServer.Network.Client.ClientHandler - Prijaty novy bajt od klienta: 7
2020-04-03 15:59:27,875 [4] DEBUG WRPServer.Network.Client.ClientHandler - Prijata zprava typu GET_FRAME
2020-04-03 15:59:27,880 [4] DEBUG WRPServer.Network.Client.ClientHandler - Cekam na nacteni 4 z klientskeho socketu.
2020-04-03 15:59:27,882 [4] DEBUG WRPServer.Network.Client.ClientHandler - Ze socketu uspesne nacteno 4 bajtu.
2020-04-03 15:59:27,884 [4] DEBUG WRPServer.Network.Client.ClientHandler - Aktualni stav ClientHandler je CAMERA_SELECTED
2020-04-03 15:59:27,884 [4] DEBUG WRPServer.Network.Client.ClientHandler - Vysledek zpracovani akce: True
2020-04-03 15:59:27,887 [4] DEBUG WRPServer.Network.Client.ClientHandler - Posun ze stavu CAMERA_SELECTED do stavu GET_FRAME
2020-04-03 15:59:27,892 [4] DEBUG WRPServer.Network.Client.ClientHandler - Aktualni stav ClientHandler je GET_FRAME
2020-04-03 15:59:27,894 [4] DEBUG WRPServer.Network.Client.ClientHandler - Zpracovavam pozadavek na jeden snimek.
2020-04-03 15:59:27,895 [4] DEBUG WRPServer.Network.Client.WICGrabber - Volani cam.StartAcquisition()
2020-04-03 15:59:27,994 [4] DEBUG WRPServer.Network.Client.WICGrabber - Event camera_AcquisitionStarted byl zachycen
2020-04-03 15:59:27,995 [4] DEBUG WRPServer.Network.Client.WICGrabber - Cekani na event camera_AcquisitionStarted...
2020-04-03 15:59:27,996 [4] WARN WRPServer.Network.Client.WICGrabber - Ziskavani noveho snimku...
2020-04-03 15:59:28,067 [4] DEBUG WRPServer.Network.Client.WICGrabber - Vyska obrazku je 512
2020-04-03 15:59:28,067 [4] DEBUG WRPServer.Network.Client.WICGrabber - Sirka obrazku je 640
2020-04-03 15:59:28,068 [4] DEBUG WRPServer.Network.Client.WICGrabber - Delka pole temperatures je: 327680
2020-04-03 15:59:28,069 [4] DEBUG WRPServer.Network.Client.WICGrabber - Pocet dimenzi pole temperatures je: 1
2020-04-03 15:59:28,070 [4] DEBUG WRPServer.Network.Client.ClientHandler - Ziskali jsme snimek!
2020-04-03 15:59:28,071 [4] DEBUG WRPServer.Network.Client.WICGrabber - Volani cam.StopAcquisition()
2020-04-03 15:59:28,076 [4] DEBUG WRPServer.Network.Client.WICGrabber - Event camera_AcquisitionStoped byl zachycen
2020-04-03 15:59:28,076 [4] DEBUG WRPServer.Network.Client.WICGrabber - Cekani na event camera_AcquisitionStopped...
2020-04-03 15:59:28,105 [4] DEBUG WRPServer.Network.Client.ClientHandler - Vysledek zpracovani akce: True
2020-04-03 15:59:28,106 [4] DEBUG WRPServer.Network.Client.ClientHandler - Bude odeslan vystupni buffer.
2020-04-03 15:59:28,108 [4] DEBUG WRPServer.Network.Client.ClientHandler - Pozice v bufferu pred odeslanim: 1310741
2020-04-03 15:59:28,111 [4] DEBUG WRPServer.Network.Client.ClientHandler - Posun ze stavu GET_FRAME do stavu CAMERA_SELECTED
2020-04-03 15:59:28,111 [4] DEBUG WRPServer.Network.Client.ClientHandler - Cekam na nacteni bajtu ze socketu.
2020-04-03 15:59:29,073 [4] DEBUG WRPServer.Network.Client.ClientHandler - Prijaty novy bajt od klienta: 7
2020-04-03 15:59:29,074 [4] DEBUG WRPServer.Network.Client.ClientHandler - Prijata zprava typu GET_FRAME
2020-04-03 15:59:29,077 [4] DEBUG WRPServer.Network.Client.ClientHandler - Cekam na nacteni 4 z klientskeho socketu.
2020-04-03 15:59:29,082 [4] DEBUG WRPServer.Network.Client.ClientHandler - Ze socketu uspesne nacteno 4 bajtu.
2020-04-03 15:59:29,086 [4] DEBUG WRPServer.Network.Client.ClientHandler - Aktualni stav ClientHandler je CAMERA_SELECTED
2020-04-03 15:59:29,089 [4] DEBUG WRPServer.Network.Client.ClientHandler - Vysledek zpracovani akce: True
2020-04-03 15:59:29,092 [4] DEBUG WRPServer.Network.Client.ClientHandler - Posun ze stavu CAMERA_SELECTED do stavu GET_FRAME
2020-04-03 15:59:29,092 [4] DEBUG WRPServer.Network.Client.ClientHandler - Aktualni stav ClientHandler je GET_FRAME
2020-04-03 15:59:29,094 [4] DEBUG WRPServer.Network.Client.ClientHandler - Zpracovavam pozadavek na jeden snimek.
2020-04-03 15:59:29,094 [4] DEBUG WRPServer.Network.Client.WICGrabber - Volani cam.StartAcquisition()
2020-04-03 15:59:29,161 [4] DEBUG WRPServer.Network.Client.WICGrabber - Event camera_AcquisitionStarted byl zachycen
2020-04-03 15:59:29,161 [4] DEBUG WRPServer.Network.Client.WICGrabber - Cekani na event camera_AcquisitionStarted...
2020-04-03 15:59:29,162 [4] WARN WRPServer.Network.Client.WICGrabber - Ziskavani noveho snimku...
2020-04-03 15:59:29,237 [4] DEBUG WRPServer.Network.Client.WICGrabber - Vyska obrazku je 512
2020-04-03 15:59:29,237 [4] DEBUG WRPServer.Network.Client.WICGrabber - Sirka obrazku je 640
2020-04-03 15:59:29,240 [4] DEBUG WRPServer.Network.Client.WICGrabber - Delka pole temperatures je: 327680
2020-04-03 15:59:29,241 [4] DEBUG WRPServer.Network.Client.WICGrabber - Pocet dimenzi pole temperatures je: 1
2020-04-03 15:59:29,241 [4] DEBUG WRPServer.Network.Client.ClientHandler - Ziskali jsme snimek!
2020-04-03 15:59:29,242 [4] DEBUG WRPServer.Network.Client.WICGrabber - Volani cam.StopAcquisition()
2020-04-03 15:59:29,245 [4] DEBUG WRPServer.Network.Client.WICGrabber - Event camera_AcquisitionStoped byl zachycen
2020-04-03 15:59:29,245 [4] DEBUG WRPServer.Network.Client.WICGrabber - Cekani na event camera_AcquisitionStopped...
2020-04-03 15:59:29,272 [4] DEBUG WRPServer.Network.Client.ClientHandler - Vysledek zpracovani akce: True
2020-04-03 15:59:29,272 [4] DEBUG WRPServer.Network.Client.ClientHandler - Bude odeslan vystupni buffer.
2020-04-03 15:59:29,273 [4] DEBUG WRPServer.Network.Client.ClientHandler - Pozice v bufferu pred odeslanim: 1310741
2020-04-03 15:59:29,274 [4] DEBUG WRPServer.Network.Client.ClientHandler - Posun ze stavu GET_FRAME do stavu CAMERA_SELECTED
2020-04-03 15:59:29,275 [4] DEBUG WRPServer.Network.Client.ClientHandler - Cekam na nacteni bajtu ze socketu.
2020-04-03 15:59:30,082 [4] DEBUG WRPServer.Network.Client.ClientHandler - Prijaty novy bajt od klienta: 7
2020-04-03 15:59:30,082 [4] DEBUG WRPServer.Network.Client.ClientHandler - Prijata zprava typu GET_FRAME
2020-04-03 15:59:30,085 [4] DEBUG WRPServer.Network.Client.ClientHandler - Cekam na nacteni 4 z klientskeho socketu.
2020-04-03 15:59:30,087 [4] DEBUG WRPServer.Network.Client.ClientHandler - Ze socketu uspesne nacteno 4 bajtu.
2020-04-03 15:59:30,087 [4] DEBUG WRPServer.Network.Client.ClientHandler - Aktualni stav ClientHandler je CAMERA_SELECTED
2020-04-03 15:59:30,088 [4] DEBUG WRPServer.Network.Client.ClientHandler - Vysledek zpracovani akce: True
2020-04-03 15:59:30,091 [4] DEBUG WRPServer.Network.Client.ClientHandler - Posun ze stavu CAMERA_SELECTED do stavu GET_FRAME
2020-04-03 15:59:30,094 [4] DEBUG WRPServer.Network.Client.ClientHandler - Aktualni stav ClientHandler je GET_FRAME
2020-04-03 15:59:30,098 [4] DEBUG WRPServer.Network.Client.ClientHandler - Zpracovavam pozadavek na jeden snimek.
2020-04-03 15:59:30,100 [4] DEBUG WRPServer.Network.Client.WICGrabber - Volani cam.StartAcquisition()
2020-04-03 15:59:30,177 [4] DEBUG WRPServer.Network.Client.WICGrabber - Event camera_AcquisitionStarted byl zachycen
2020-04-03 15:59:30,178 [4] DEBUG WRPServer.Network.Client.WICGrabber - Cekani na event camera_AcquisitionStarted...
2020-04-03 15:59:30,179 [4] WARN WRPServer.Network.Client.WICGrabber - Ziskavani noveho snimku...
2020-04-03 15:59:30,269 [4] DEBUG WRPServer.Network.Client.WICGrabber - Vyska obrazku je 512
2020-04-03 15:59:30,270 [4] DEBUG WRPServer.Network.Client.WICGrabber - Sirka obrazku je 640
2020-04-03 15:59:30,273 [4] DEBUG WRPServer.Network.Client.WICGrabber - Delka pole temperatures je: 327680
2020-04-03 15:59:30,274 [4] DEBUG WRPServer.Network.Client.WICGrabber - Pocet dimenzi pole temperatures je: 1
2020-04-03 15:59:30,274 [4] DEBUG WRPServer.Network.Client.ClientHandler - Ziskali jsme snimek!
2020-04-03 15:59:30,275 [4] DEBUG WRPServer.Network.Client.WICGrabber - Volani cam.StopAcquisition()
2020-04-03 15:59:30,279 [4] DEBUG WRPServer.Network.Client.WICGrabber - Event camera_AcquisitionStoped byl zachycen
2020-04-03 15:59:30,280 [4] DEBUG WRPServer.Network.Client.WICGrabber - Cekani na event camera_AcquisitionStopped...
2020-04-03 15:59:30,309 [4] DEBUG WRPServer.Network.Client.ClientHandler - Vysledek zpracovani akce: True
2020-04-03 15:59:30,310 [4] DEBUG WRPServer.Network.Client.ClientHandler - Bude odeslan vystupni buffer.
2020-04-03 15:59:30,312 [4] DEBUG WRPServer.Network.Client.ClientHandler - Pozice v bufferu pred odeslanim: 1310741
2020-04-03 15:59:30,314 [4] DEBUG WRPServer.Network.Client.ClientHandler - Posun ze stavu GET_FRAME do stavu CAMERA_SELECTED
2020-04-03 15:59:30,315 [4] DEBUG WRPServer.Network.Client.ClientHandler - Cekam na nacteni bajtu ze socketu.
2020-04-03 16:06:49,222 [4] WARN WRPServer.Network.Client.ClientHandler - Bylo dosazeno konce streamu z klientskeho socketu
System.IO.EndOfStreamException: Unable to read beyond the end of the stream.
   at System.IO.__Error.EndOfFile()
   at System.IO.BinaryReader.ReadByte()
   at WRPServer.Network.Client.ClientHandler.ReadSafelyByteFromSocket(Byte& b) in C:\Users\Teacher\Downloads\wrpserver-master\wrpserver-master\src\Network\Client\ClientHandler.cs:line 869
2020-04-03 16:06:49,254 [4] ERROR WRPServer.Network.Client.ClientHandler - Nepodarilo se precist pozadovanou akci od klienta, ukoncuji obsluhu klienta.
2020-04-03 16:06:49,254 [4] DEBUG WRPServer.Network.Client.ClientHandler - Vracim prostredky klienta pouzivane pro sitovou komunikaci.
2020-04-03 16:06:49,255 [4] DEBUG WRPServer.Network.Client.ClientHandler - Vracim kamery zamcene klientem.
2020-04-03 16:06:49,255 [4] DEBUG WRPServer.Network.Client.WICGrabber - Volani cam.Disconnect()
2020-04-03 16:06:49,691 [4] DEBUG WRPServer.Network.Client.WICGrabber - Event camera_Disconnected byl zachycen
2020-04-03 16:06:49,691 [4] DEBUG WRPServer.Network.Client.WICGrabber - Cekani na event camera_Disconnected...
2020-04-03 16:07:20,923 [9] INFO WRPServer.Program - Volan shutdown hook.
2020-04-03 16:07:20,923 [9] INFO WRPServer.Program - Aplikace bude ukoncena.
2020-04-03 16:15:19,468 [1] INFO WRPServer.Program - Spoustim aplikaci.
2020-04-03 16:15:19,483 [1] INFO WRPServer.Program - Pripravuji zachycení Control+C pro vypnutí
2020-04-03 16:15:19,483 [1] INFO WRPServer.Program - Spoustim rídící aplikaci a predávám jí velení
2020-04-03 16:15:19,496 [1] INFO WRPServer.Network.Server.ServerSocket - Inicializuji datove struktury socketu pro 10.12.56.12:6412
2020-04-03 16:15:19,496 [1] INFO WRPServer.Network.Server.ServerSocket - Vstupuji do smycky pro prijimani klientu.
2020-04-03 16:15:19,499 [1] INFO WRPServer.Network.Server.ServerSocket - Cekam na pripojeni klienta.
2020-04-03 16:15:34,412 [1] INFO WRPServer.Network.Server.ServerSocket - Pripojil se novy klient! Inicializuji ClientContext.
2020-04-03 16:15:34,413 [1] INFO WRPServer.Network.Server.ServerSocket - Predavam obsluhu noveho klienta do dedikovaneho vlakna.
2020-04-03 16:15:34,415 [1] INFO WRPServer.Network.Server.ServerSocket - Cekam na pripojeni klienta.
2020-04-03 16:15:34,422 [4] DEBUG WRPServer.Network.Client.ClientHandler - Nastavuji objekty pro cteni klientskeho socketu.
2020-04-03 16:15:34,422 [4] DEBUG WRPServer.Network.Client.ClientHandler - Proxy objekty NetworkStream a BinaryReader pro cteni klientskeho Socketu uspesne vytvoreny.
2020-04-03 16:15:34,427 [4] DEBUG WRPServer.Network.Client.ClientHandler - Cekam na nacteni bajtu ze socketu.
2020-04-03 16:15:37,056 [4] DEBUG WRPServer.Network.Client.ClientHandler - Prijaty novy bajt od klienta: 3
2020-04-03 16:15:37,056 [4] DEBUG WRPServer.Network.Client.ClientHandler - Prijata zprava typu GET_CAMERA_LIST
2020-04-03 16:15:37,059 [4] DEBUG WRPServer.Network.Client.ClientHandler - Cekam na nacteni 4 z klientskeho socketu.
2020-04-03 16:15:37,059 [4] DEBUG WRPServer.Network.Client.ClientHandler - Ze socketu uspesne nacteno 4 bajtu.
2020-04-03 16:15:37,061 [4] DEBUG WRPServer.Network.Client.ClientHandler - Aktualni stav ClientHandler je CONNECTED
2020-04-03 16:15:37,061 [4] DEBUG WRPServer.Network.Client.ClientHandler - Vysledek zpracovani akce: True
2020-04-03 16:15:37,061 [4] DEBUG WRPServer.Network.Client.ClientHandler - Posun ze stavu CONNECTED do stavu GET_CAMERA_LIST
2020-04-03 16:15:37,062 [4] DEBUG WRPServer.Network.Client.ClientHandler - Aktualni stav ClientHandler je GET_CAMERA_LIST
2020-04-03 16:15:40,206 [4] DEBUG WRPServer.Network.Client.ClientHandler - Velikost payloadu pro zpravu typu CAMERA_LIST je 247
2020-04-03 16:15:40,207 [4] DEBUG WRPServer.Network.Client.ClientHandler - Vysledek zpracovani akce: True
2020-04-03 16:15:40,209 [4] DEBUG WRPServer.Network.Client.ClientHandler - Bude odeslan vystupni buffer.
2020-04-03 16:15:40,209 [4] DEBUG WRPServer.Network.Client.ClientHandler - Pozice v bufferu pred odeslanim: 252
2020-04-03 16:15:40,210 [4] DEBUG WRPServer.Network.Client.ClientHandler - Posun ze stavu GET_CAMERA_LIST do stavu CONNECTED
2020-04-03 16:15:40,210 [4] DEBUG WRPServer.Network.Client.ClientHandler - Cekam na nacteni bajtu ze socketu.
2020-04-03 16:15:47,776 [4] DEBUG WRPServer.Network.Client.ClientHandler - Prijaty novy bajt od klienta: 3
2020-04-03 16:15:47,777 [4] DEBUG WRPServer.Network.Client.ClientHandler - Prijata zprava typu GET_CAMERA_LIST
2020-04-03 16:15:47,778 [4] DEBUG WRPServer.Network.Client.ClientHandler - Cekam na nacteni 4 z klientskeho socketu.
2020-04-03 16:15:47,779 [4] DEBUG WRPServer.Network.Client.ClientHandler - Ze socketu uspesne nacteno 4 bajtu.
2020-04-03 16:15:47,779 [4] DEBUG WRPServer.Network.Client.ClientHandler - Aktualni stav ClientHandler je CONNECTED
2020-04-03 16:15:47,779 [4] DEBUG WRPServer.Network.Client.ClientHandler - Vysledek zpracovani akce: True
2020-04-03 16:15:47,780 [4] DEBUG WRPServer.Network.Client.ClientHandler - Posun ze stavu CONNECTED do stavu GET_CAMERA_LIST
2020-04-03 16:15:47,780 [4] DEBUG WRPServer.Network.Client.ClientHandler - Aktualni stav ClientHandler je GET_CAMERA_LIST
2020-04-03 16:15:47,781 [4] DEBUG WRPServer.Network.Client.ClientHandler - Velikost payloadu pro zpravu typu CAMERA_LIST je 247
2020-04-03 16:15:47,781 [4] DEBUG WRPServer.Network.Client.ClientHandler - Vysledek zpracovani akce: True
2020-04-03 16:15:47,782 [4] DEBUG WRPServer.Network.Client.ClientHandler - Bude odeslan vystupni buffer.
2020-04-03 16:15:47,782 [4] DEBUG WRPServer.Network.Client.ClientHandler - Pozice v bufferu pred odeslanim: 252
2020-04-03 16:15:47,783 [4] DEBUG WRPServer.Network.Client.ClientHandler - Posun ze stavu GET_CAMERA_LIST do stavu CONNECTED
2020-04-03 16:15:47,783 [4] DEBUG WRPServer.Network.Client.ClientHandler - Cekam na nacteni bajtu ze socketu.
2020-04-03 16:15:49,092 [4] DEBUG WRPServer.Network.Client.ClientHandler - Prijaty novy bajt od klienta: 5
2020-04-03 16:15:49,092 [4] DEBUG WRPServer.Network.Client.ClientHandler - Prijata zprava typu OPEN_CAMERA
2020-04-03 16:15:49,094 [4] DEBUG WRPServer.Network.Client.ClientHandler - Cekam na nacteni 4 z klientskeho socketu.
2020-04-03 16:15:49,095 [4] DEBUG WRPServer.Network.Client.ClientHandler - Ze socketu uspesne nacteno 4 bajtu.
2020-04-03 16:15:49,095 [4] DEBUG WRPServer.Network.Client.ClientHandler - Aktualni stav ClientHandler je CONNECTED
2020-04-03 16:15:49,096 [4] DEBUG WRPServer.Network.Client.ClientHandler - Vysledek zpracovani akce: True
2020-04-03 16:15:49,096 [4] DEBUG WRPServer.Network.Client.ClientHandler - Posun ze stavu CONNECTED do stavu OPEN_CAMERA
2020-04-03 16:15:49,097 [4] DEBUG WRPServer.Network.Client.ClientHandler - Aktualni stav ClientHandler je OPEN_CAMERA
2020-04-03 16:15:49,099 [4] DEBUG WRPServer.Network.Client.ClientHandler - Zprava typu OpenCamera ma delku payloadu 8
2020-04-03 16:15:49,099 [4] DEBUG WRPServer.Network.Client.ClientHandler - Cekam na nacteni 8 z klientskeho socketu.
2020-04-03 16:15:49,100 [4] DEBUG WRPServer.Network.Client.ClientHandler - Ze socketu uspesne nacteno 8 bajtu.
2020-04-03 16:15:49,102 [4] DEBUG WRPServer.Network.Client.WICGrabber - Volani cam.Connect()
2020-04-03 16:15:55,751 [4] DEBUG WRPServer.Network.Client.WICGrabber - Event camera_Connected byl zachycen
2020-04-03 16:15:55,751 [4] DEBUG WRPServer.Network.Client.WICGrabber - Cekani na event camera_Connected...
2020-04-03 16:15:55,753 [4] DEBUG WRPServer.Network.Client.ClientHandler - Kamera 093D1806 byla pripojena
2020-04-03 16:15:55,754 [4] DEBUG WRPServer.Network.Client.ClientHandler - Vysledek zpracovani akce: True
2020-04-03 16:15:55,754 [4] DEBUG WRPServer.Network.Client.ClientHandler - Bude odeslan vystupni buffer.
2020-04-03 16:15:55,755 [4] DEBUG WRPServer.Network.Client.ClientHandler - Pozice v bufferu pred odeslanim: 5
2020-04-03 16:15:55,756 [4] DEBUG WRPServer.Network.Client.ClientHandler - Posun ze stavu OPEN_CAMERA do stavu CAMERA_SELECTED
2020-04-03 16:15:55,756 [4] DEBUG WRPServer.Network.Client.ClientHandler - Cekam na nacteni bajtu ze socketu.
2020-04-03 16:16:03,670 [4] DEBUG WRPServer.Network.Client.ClientHandler - Prijaty novy bajt od klienta: 7
2020-04-03 16:16:03,671 [4] DEBUG WRPServer.Network.Client.ClientHandler - Prijata zprava typu GET_FRAME
2020-04-03 16:16:03,672 [4] DEBUG WRPServer.Network.Client.ClientHandler - Cekam na nacteni 4 z klientskeho socketu.
2020-04-03 16:16:03,672 [4] DEBUG WRPServer.Network.Client.ClientHandler - Ze socketu uspesne nacteno 4 bajtu.
2020-04-03 16:16:03,673 [4] DEBUG WRPServer.Network.Client.ClientHandler - Aktualni stav ClientHandler je CAMERA_SELECTED
2020-04-03 16:16:03,673 [4] DEBUG WRPServer.Network.Client.ClientHandler - Vysledek zpracovani akce: True
2020-04-03 16:16:03,674 [4] DEBUG WRPServer.Network.Client.ClientHandler - Posun ze stavu CAMERA_SELECTED do stavu GET_FRAME
2020-04-03 16:16:03,675 [4] DEBUG WRPServer.Network.Client.ClientHandler - Aktualni stav ClientHandler je GET_FRAME
2020-04-03 16:16:03,676 [4] DEBUG WRPServer.Network.Client.ClientHandler - Zpracovavam pozadavek na jeden snimek.
2020-04-03 16:16:03,677 [4] DEBUG WRPServer.Network.Client.WICGrabber - Volani cam.StartAcquisition()
2020-04-03 16:16:03,783 [4] DEBUG WRPServer.Network.Client.WICGrabber - Event camera_AcquisitionStarted byl zachycen
2020-04-03 16:16:03,783 [4] DEBUG WRPServer.Network.Client.WICGrabber - Cekani na event camera_AcquisitionStarted...
2020-04-03 16:16:03,785 [4] WARN WRPServer.Network.Client.WICGrabber - Ziskavani noveho snimku...
2020-04-03 16:16:03,912 [4] DEBUG WRPServer.Network.Client.WICGrabber - Vyska obrazku je 512
2020-04-03 16:16:03,912 [4] DEBUG WRPServer.Network.Client.WICGrabber - Sirka obrazku je 640
2020-04-03 16:16:03,914 [4] DEBUG WRPServer.Network.Client.WICGrabber - Delka pole temperatures je: 327680
2020-04-03 16:16:03,915 [4] DEBUG WRPServer.Network.Client.WICGrabber - Pocet dimenzi pole temperatures je: 1
2020-04-03 16:16:03,915 [4] DEBUG WRPServer.Network.Client.ClientHandler - Ziskali jsme snimek!
2020-04-03 16:16:03,916 [4] DEBUG WRPServer.Network.Client.WICGrabber - Volani cam.StopAcquisition()
2020-04-03 16:16:03,920 [4] DEBUG WRPServer.Network.Client.WICGrabber - Event camera_AcquisitionStoped byl zachycen
2020-04-03 16:16:03,921 [4] DEBUG WRPServer.Network.Client.WICGrabber - Cekani na event camera_AcquisitionStopped...
2020-04-03 16:16:03,948 [4] DEBUG WRPServer.Network.Client.ClientHandler - Vysledek zpracovani akce: True
2020-04-03 16:16:03,948 [4] DEBUG WRPServer.Network.Client.ClientHandler - Bude odeslan vystupni buffer.
2020-04-03 16:16:03,949 [4] DEBUG WRPServer.Network.Client.ClientHandler - Pozice v bufferu pred odeslanim: 1310741
2020-04-03 16:16:03,954 [4] DEBUG WRPServer.Network.Client.ClientHandler - Posun ze stavu GET_FRAME do stavu CAMERA_SELECTED
2020-04-03 16:16:03,954 [4] DEBUG WRPServer.Network.Client.ClientHandler - Cekam na nacteni bajtu ze socketu.
2020-04-03 16:16:07,287 [4] DEBUG WRPServer.Network.Client.ClientHandler - Prijaty novy bajt od klienta: 7
2020-04-03 16:16:07,287 [4] DEBUG WRPServer.Network.Client.ClientHandler - Prijata zprava typu GET_FRAME
2020-04-03 16:16:07,289 [4] DEBUG WRPServer.Network.Client.ClientHandler - Cekam na nacteni 4 z klientskeho socketu.
2020-04-03 16:16:07,289 [4] DEBUG WRPServer.Network.Client.ClientHandler - Ze socketu uspesne nacteno 4 bajtu.
2020-04-03 16:16:07,290 [4] DEBUG WRPServer.Network.Client.ClientHandler - Aktualni stav ClientHandler je CAMERA_SELECTED
2020-04-03 16:16:07,290 [4] DEBUG WRPServer.Network.Client.ClientHandler - Vysledek zpracovani akce: True
2020-04-03 16:16:07,291 [4] DEBUG WRPServer.Network.Client.ClientHandler - Posun ze stavu CAMERA_SELECTED do stavu GET_FRAME
2020-04-03 16:16:07,291 [4] DEBUG WRPServer.Network.Client.ClientHandler - Aktualni stav ClientHandler je GET_FRAME
2020-04-03 16:16:07,292 [4] DEBUG WRPServer.Network.Client.ClientHandler - Zpracovavam pozadavek na jeden snimek.
2020-04-03 16:16:07,292 [4] DEBUG WRPServer.Network.Client.WICGrabber - Volani cam.StartAcquisition()
2020-04-03 16:16:07,362 [4] DEBUG WRPServer.Network.Client.WICGrabber - Event camera_AcquisitionStarted byl zachycen
2020-04-03 16:16:07,362 [4] DEBUG WRPServer.Network.Client.WICGrabber - Cekani na event camera_AcquisitionStarted...
2020-04-03 16:16:07,363 [4] WARN WRPServer.Network.Client.WICGrabber - Ziskavani noveho snimku...
2020-04-03 16:16:07,459 [4] DEBUG WRPServer.Network.Client.WICGrabber - Vyska obrazku je 512
2020-04-03 16:16:07,459 [4] DEBUG WRPServer.Network.Client.WICGrabber - Sirka obrazku je 640
2020-04-03 16:16:07,460 [4] DEBUG WRPServer.Network.Client.WICGrabber - Delka pole temperatures je: 327680
2020-04-03 16:16:07,460 [4] DEBUG WRPServer.Network.Client.WICGrabber - Pocet dimenzi pole temperatures je: 1
2020-04-03 16:16:07,461 [4] DEBUG WRPServer.Network.Client.ClientHandler - Ziskali jsme snimek!
2020-04-03 16:16:07,462 [4] DEBUG WRPServer.Network.Client.WICGrabber - Volani cam.StopAcquisition()
2020-04-03 16:16:07,465 [4] DEBUG WRPServer.Network.Client.WICGrabber - Event camera_AcquisitionStoped byl zachycen
2020-04-03 16:16:07,465 [4] DEBUG WRPServer.Network.Client.WICGrabber - Cekani na event camera_AcquisitionStopped...
2020-04-03 16:16:07,486 [4] DEBUG WRPServer.Network.Client.ClientHandler - Vysledek zpracovani akce: True
2020-04-03 16:16:07,487 [4] DEBUG WRPServer.Network.Client.ClientHandler - Bude odeslan vystupni buffer.
2020-04-03 16:16:07,490 [4] DEBUG WRPServer.Network.Client.ClientHandler - Pozice v bufferu pred odeslanim: 1310741
2020-04-03 16:16:07,496 [4] DEBUG WRPServer.Network.Client.ClientHandler - Posun ze stavu GET_FRAME do stavu CAMERA_SELECTED
2020-04-03 16:16:07,497 [4] DEBUG WRPServer.Network.Client.ClientHandler - Cekam na nacteni bajtu ze socketu.
2020-04-03 16:16:11,523 [4] DEBUG WRPServer.Network.Client.ClientHandler - Prijaty novy bajt od klienta: 7
2020-04-03 16:16:11,523 [4] DEBUG WRPServer.Network.Client.ClientHandler - Prijata zprava typu GET_FRAME
2020-04-03 16:16:11,525 [4] DEBUG WRPServer.Network.Client.ClientHandler - Cekam na nacteni 4 z klientskeho socketu.
2020-04-03 16:16:11,526 [4] DEBUG WRPServer.Network.Client.ClientHandler - Ze socketu uspesne nacteno 4 bajtu.
2020-04-03 16:16:11,526 [4] DEBUG WRPServer.Network.Client.ClientHandler - Aktualni stav ClientHandler je CAMERA_SELECTED
2020-04-03 16:16:11,527 [4] DEBUG WRPServer.Network.Client.ClientHandler - Vysledek zpracovani akce: True
2020-04-03 16:16:11,527 [4] DEBUG WRPServer.Network.Client.ClientHandler - Posun ze stavu CAMERA_SELECTED do stavu GET_FRAME
2020-04-03 16:16:11,528 [4] DEBUG WRPServer.Network.Client.ClientHandler - Aktualni stav ClientHandler je GET_FRAME
2020-04-03 16:16:11,528 [4] DEBUG WRPServer.Network.Client.ClientHandler - Zpracovavam pozadavek na jeden snimek.
2020-04-03 16:16:11,529 [4] DEBUG WRPServer.Network.Client.WICGrabber - Volani cam.StartAcquisition()
2020-04-03 16:16:11,595 [4] DEBUG WRPServer.Network.Client.WICGrabber - Event camera_AcquisitionStarted byl zachycen
2020-04-03 16:16:11,595 [4] DEBUG WRPServer.Network.Client.WICGrabber - Cekani na event camera_AcquisitionStarted...
2020-04-03 16:16:11,597 [4] WARN WRPServer.Network.Client.WICGrabber - Ziskavani noveho snimku...
2020-04-03 16:16:11,664 [4] DEBUG WRPServer.Network.Client.WICGrabber - Vyska obrazku je 512
2020-04-03 16:16:11,664 [4] DEBUG WRPServer.Network.Client.WICGrabber - Sirka obrazku je 640
2020-04-03 16:16:11,665 [4] DEBUG WRPServer.Network.Client.WICGrabber - Delka pole temperatures je: 327680
2020-04-03 16:16:11,665 [4] DEBUG WRPServer.Network.Client.WICGrabber - Pocet dimenzi pole temperatures je: 1
2020-04-03 16:16:11,666 [4] DEBUG WRPServer.Network.Client.ClientHandler - Ziskali jsme snimek!
2020-04-03 16:16:11,666 [4] DEBUG WRPServer.Network.Client.WICGrabber - Volani cam.StopAcquisition()
2020-04-03 16:16:11,669 [4] DEBUG WRPServer.Network.Client.WICGrabber - Event camera_AcquisitionStoped byl zachycen
2020-04-03 16:16:11,670 [4] DEBUG WRPServer.Network.Client.WICGrabber - Cekani na event camera_AcquisitionStopped...
2020-04-03 16:16:11,688 [4] DEBUG WRPServer.Network.Client.ClientHandler - Vysledek zpracovani akce: True
2020-04-03 16:16:11,688 [4] DEBUG WRPServer.Network.Client.ClientHandler - Bude odeslan vystupni buffer.
2020-04-03 16:16:11,689 [4] DEBUG WRPServer.Network.Client.ClientHandler - Pozice v bufferu pred odeslanim: 1310741
2020-04-03 16:16:11,692 [4] DEBUG WRPServer.Network.Client.ClientHandler - Posun ze stavu GET_FRAME do stavu CAMERA_SELECTED
2020-04-03 16:16:11,692 [4] DEBUG WRPServer.Network.Client.ClientHandler - Cekam na nacteni bajtu ze socketu.
2020-04-03 16:16:13,400 [4] DEBUG WRPServer.Network.Client.ClientHandler - Prijaty novy bajt od klienta: 7
2020-04-03 16:16:13,403 [4] DEBUG WRPServer.Network.Client.ClientHandler - Prijata zprava typu GET_FRAME
2020-04-03 16:16:13,405 [4] DEBUG WRPServer.Network.Client.ClientHandler - Cekam na nacteni 4 z klientskeho socketu.
2020-04-03 16:16:13,408 [4] DEBUG WRPServer.Network.Client.ClientHandler - Ze socketu uspesne nacteno 4 bajtu.
2020-04-03 16:16:13,412 [4] DEBUG WRPServer.Network.Client.ClientHandler - Aktualni stav ClientHandler je CAMERA_SELECTED
2020-04-03 16:16:13,415 [4] DEBUG WRPServer.Network.Client.ClientHandler - Vysledek zpracovani akce: True
2020-04-03 16:16:13,420 [4] DEBUG WRPServer.Network.Client.ClientHandler - Posun ze stavu CAMERA_SELECTED do stavu GET_FRAME
2020-04-03 16:16:13,422 [4] DEBUG WRPServer.Network.Client.ClientHandler - Aktualni stav ClientHandler je GET_FRAME
2020-04-03 16:16:13,422 [4] DEBUG WRPServer.Network.Client.ClientHandler - Zpracovavam pozadavek na jeden snimek.
2020-04-03 16:16:13,423 [4] DEBUG WRPServer.Network.Client.WICGrabber - Volani cam.StartAcquisition()
2020-04-03 16:16:13,520 [4] DEBUG WRPServer.Network.Client.WICGrabber - Event camera_AcquisitionStarted byl zachycen
2020-04-03 16:16:13,520 [4] DEBUG WRPServer.Network.Client.WICGrabber - Cekani na event camera_AcquisitionStarted...
2020-04-03 16:16:13,521 [4] WARN WRPServer.Network.Client.WICGrabber - Ziskavani noveho snimku...
2020-04-03 16:16:13,605 [4] DEBUG WRPServer.Network.Client.WICGrabber - Vyska obrazku je 512
2020-04-03 16:16:13,605 [4] DEBUG WRPServer.Network.Client.WICGrabber - Sirka obrazku je 640
2020-04-03 16:16:13,607 [4] DEBUG WRPServer.Network.Client.WICGrabber - Delka pole temperatures je: 327680
2020-04-03 16:16:13,607 [4] DEBUG WRPServer.Network.Client.WICGrabber - Pocet dimenzi pole temperatures je: 1
2020-04-03 16:16:13,608 [4] DEBUG WRPServer.Network.Client.ClientHandler - Ziskali jsme snimek!
2020-04-03 16:16:13,608 [4] DEBUG WRPServer.Network.Client.WICGrabber - Volani cam.StopAcquisition()
2020-04-03 16:16:13,611 [4] DEBUG WRPServer.Network.Client.WICGrabber - Event camera_AcquisitionStoped byl zachycen
2020-04-03 16:16:13,611 [4] DEBUG WRPServer.Network.Client.WICGrabber - Cekani na event camera_AcquisitionStopped...
2020-04-03 16:16:13,631 [4] DEBUG WRPServer.Network.Client.ClientHandler - Vysledek zpracovani akce: True
2020-04-03 16:16:13,632 [4] DEBUG WRPServer.Network.Client.ClientHandler - Bude odeslan vystupni buffer.
2020-04-03 16:16:13,634 [4] DEBUG WRPServer.Network.Client.ClientHandler - Pozice v bufferu pred odeslanim: 1310741
2020-04-03 16:16:13,637 [4] DEBUG WRPServer.Network.Client.ClientHandler - Posun ze stavu GET_FRAME do stavu CAMERA_SELECTED
2020-04-03 16:16:13,637 [4] DEBUG WRPServer.Network.Client.ClientHandler - Cekam na nacteni bajtu ze socketu.
2020-04-03 16:16:14,515 [4] DEBUG WRPServer.Network.Client.ClientHandler - Prijaty novy bajt od klienta: 7
2020-04-03 16:16:14,516 [4] DEBUG WRPServer.Network.Client.ClientHandler - Prijata zprava typu GET_FRAME
2020-04-03 16:16:14,519 [4] DEBUG WRPServer.Network.Client.ClientHandler - Cekam na nacteni 4 z klientskeho socketu.
2020-04-03 16:16:14,524 [4] DEBUG WRPServer.Network.Client.ClientHandler - Ze socketu uspesne nacteno 4 bajtu.
2020-04-03 16:16:14,528 [4] DEBUG WRPServer.Network.Client.ClientHandler - Aktualni stav ClientHandler je CAMERA_SELECTED
2020-04-03 16:16:14,532 [4] DEBUG WRPServer.Network.Client.ClientHandler - Vysledek zpracovani akce: True
2020-04-03 16:16:14,532 [4] DEBUG WRPServer.Network.Client.ClientHandler - Posun ze stavu CAMERA_SELECTED do stavu GET_FRAME
2020-04-03 16:16:14,532 [4] DEBUG WRPServer.Network.Client.ClientHandler - Aktualni stav ClientHandler je GET_FRAME
2020-04-03 16:16:14,534 [4] DEBUG WRPServer.Network.Client.ClientHandler - Zpracovavam pozadavek na jeden snimek.
2020-04-03 16:16:14,535 [4] DEBUG WRPServer.Network.Client.WICGrabber - Volani cam.StartAcquisition()
2020-04-03 16:16:14,645 [4] DEBUG WRPServer.Network.Client.WICGrabber - Event camera_AcquisitionStarted byl zachycen
2020-04-03 16:16:14,646 [4] DEBUG WRPServer.Network.Client.WICGrabber - Cekani na event camera_AcquisitionStarted...
2020-04-03 16:16:14,648 [4] WARN WRPServer.Network.Client.WICGrabber - Ziskavani noveho snimku...
2020-04-03 16:16:14,735 [4] DEBUG WRPServer.Network.Client.WICGrabber - Vyska obrazku je 512
2020-04-03 16:16:14,736 [4] DEBUG WRPServer.Network.Client.WICGrabber - Sirka obrazku je 640
2020-04-03 16:16:14,738 [4] DEBUG WRPServer.Network.Client.WICGrabber - Delka pole temperatures je: 327680
2020-04-03 16:16:14,739 [4] DEBUG WRPServer.Network.Client.WICGrabber - Pocet dimenzi pole temperatures je: 1
2020-04-03 16:16:14,740 [4] DEBUG WRPServer.Network.Client.ClientHandler - Ziskali jsme snimek!
2020-04-03 16:16:14,741 [4] DEBUG WRPServer.Network.Client.WICGrabber - Volani cam.StopAcquisition()
2020-04-03 16:16:14,744 [4] DEBUG WRPServer.Network.Client.WICGrabber - Event camera_AcquisitionStoped byl zachycen
2020-04-03 16:16:14,745 [4] DEBUG WRPServer.Network.Client.WICGrabber - Cekani na event camera_AcquisitionStopped...
2020-04-03 16:16:14,766 [4] DEBUG WRPServer.Network.Client.ClientHandler - Vysledek zpracovani akce: True
2020-04-03 16:16:14,767 [4] DEBUG WRPServer.Network.Client.ClientHandler - Bude odeslan vystupni buffer.
2020-04-03 16:16:14,768 [4] DEBUG WRPServer.Network.Client.ClientHandler - Pozice v bufferu pred odeslanim: 1310741
2020-04-03 16:16:14,772 [4] DEBUG WRPServer.Network.Client.ClientHandler - Posun ze stavu GET_FRAME do stavu CAMERA_SELECTED
2020-04-03 16:16:14,772 [4] DEBUG WRPServer.Network.Client.ClientHandler - Cekam na nacteni bajtu ze socketu.
2020-04-03 16:16:15,597 [4] DEBUG WRPServer.Network.Client.ClientHandler - Prijaty novy bajt od klienta: 7
2020-04-03 16:16:15,597 [4] DEBUG WRPServer.Network.Client.ClientHandler - Prijata zprava typu GET_FRAME
2020-04-03 16:16:15,606 [4] DEBUG WRPServer.Network.Client.ClientHandler - Cekam na nacteni 4 z klientskeho socketu.
2020-04-03 16:16:15,613 [4] DEBUG WRPServer.Network.Client.ClientHandler - Ze socketu uspesne nacteno 4 bajtu.
2020-04-03 16:16:15,617 [4] DEBUG WRPServer.Network.Client.ClientHandler - Aktualni stav ClientHandler je CAMERA_SELECTED
2020-04-03 16:16:15,620 [4] DEBUG WRPServer.Network.Client.ClientHandler - Vysledek zpracovani akce: True
2020-04-03 16:16:15,621 [4] DEBUG WRPServer.Network.Client.ClientHandler - Posun ze stavu CAMERA_SELECTED do stavu GET_FRAME
2020-04-03 16:16:15,621 [4] DEBUG WRPServer.Network.Client.ClientHandler - Aktualni stav ClientHandler je GET_FRAME
2020-04-03 16:16:15,624 [4] DEBUG WRPServer.Network.Client.ClientHandler - Zpracovavam pozadavek na jeden snimek.
2020-04-03 16:16:15,627 [4] DEBUG WRPServer.Network.Client.WICGrabber - Volani cam.StartAcquisition()
2020-04-03 16:16:15,728 [4] DEBUG WRPServer.Network.Client.WICGrabber - Event camera_AcquisitionStarted byl zachycen
2020-04-03 16:16:15,728 [4] DEBUG WRPServer.Network.Client.WICGrabber - Cekani na event camera_AcquisitionStarted...
2020-04-03 16:16:15,731 [4] WARN WRPServer.Network.Client.WICGrabber - Ziskavani noveho snimku...
2020-04-03 16:16:15,803 [4] DEBUG WRPServer.Network.Client.WICGrabber - Vyska obrazku je 512
2020-04-03 16:16:15,803 [4] DEBUG WRPServer.Network.Client.WICGrabber - Sirka obrazku je 640
2020-04-03 16:16:15,805 [4] DEBUG WRPServer.Network.Client.WICGrabber - Delka pole temperatures je: 327680
2020-04-03 16:16:15,806 [4] DEBUG WRPServer.Network.Client.WICGrabber - Pocet dimenzi pole temperatures je: 1
2020-04-03 16:16:15,807 [4] DEBUG WRPServer.Network.Client.ClientHandler - Ziskali jsme snimek!
2020-04-03 16:16:15,807 [4] DEBUG WRPServer.Network.Client.WICGrabber - Volani cam.StopAcquisition()
2020-04-03 16:16:15,811 [4] DEBUG WRPServer.Network.Client.WICGrabber - Event camera_AcquisitionStoped byl zachycen
2020-04-03 16:16:15,811 [4] DEBUG WRPServer.Network.Client.WICGrabber - Cekani na event camera_AcquisitionStopped...
2020-04-03 16:16:15,836 [4] DEBUG WRPServer.Network.Client.ClientHandler - Vysledek zpracovani akce: True
2020-04-03 16:16:15,836 [4] DEBUG WRPServer.Network.Client.ClientHandler - Bude odeslan vystupni buffer.
2020-04-03 16:16:15,837 [4] DEBUG WRPServer.Network.Client.ClientHandler - Pozice v bufferu pred odeslanim: 1310741
2020-04-03 16:16:15,839 [4] DEBUG WRPServer.Network.Client.ClientHandler - Posun ze stavu GET_FRAME do stavu CAMERA_SELECTED
2020-04-03 16:16:15,839 [4] DEBUG WRPServer.Network.Client.ClientHandler - Cekam na nacteni bajtu ze socketu.
2020-04-03 16:16:16,620 [4] DEBUG WRPServer.Network.Client.ClientHandler - Prijaty novy bajt od klienta: 7
2020-04-03 16:16:16,621 [4] DEBUG WRPServer.Network.Client.ClientHandler - Prijata zprava typu GET_FRAME
2020-04-03 16:16:16,626 [4] DEBUG WRPServer.Network.Client.ClientHandler - Cekam na nacteni 4 z klientskeho socketu.
2020-04-03 16:16:16,629 [4] DEBUG WRPServer.Network.Client.ClientHandler - Ze socketu uspesne nacteno 4 bajtu.
2020-04-03 16:16:16,632 [4] DEBUG WRPServer.Network.Client.ClientHandler - Aktualni stav ClientHandler je CAMERA_SELECTED
2020-04-03 16:16:16,637 [4] DEBUG WRPServer.Network.Client.ClientHandler - Vysledek zpracovani akce: True
2020-04-03 16:16:16,639 [4] DEBUG WRPServer.Network.Client.ClientHandler - Posun ze stavu CAMERA_SELECTED do stavu GET_FRAME
2020-04-03 16:16:16,641 [4] DEBUG WRPServer.Network.Client.ClientHandler - Aktualni stav ClientHandler je GET_FRAME
2020-04-03 16:16:16,643 [4] DEBUG WRPServer.Network.Client.ClientHandler - Zpracovavam pozadavek na jeden snimek.
2020-04-03 16:16:16,647 [4] DEBUG WRPServer.Network.Client.WICGrabber - Volani cam.StartAcquisition()
2020-04-03 16:16:16,748 [4] DEBUG WRPServer.Network.Client.WICGrabber - Event camera_AcquisitionStarted byl zachycen
2020-04-03 16:16:16,748 [4] DEBUG WRPServer.Network.Client.WICGrabber - Cekani na event camera_AcquisitionStarted...
2020-04-03 16:16:16,750 [4] WARN WRPServer.Network.Client.WICGrabber - Ziskavani noveho snimku...
2020-04-03 16:16:16,835 [4] DEBUG WRPServer.Network.Client.WICGrabber - Vyska obrazku je 512
2020-04-03 16:16:16,835 [4] DEBUG WRPServer.Network.Client.WICGrabber - Sirka obrazku je 640
2020-04-03 16:16:16,836 [4] DEBUG WRPServer.Network.Client.WICGrabber - Delka pole temperatures je: 327680
2020-04-03 16:16:16,836 [4] DEBUG WRPServer.Network.Client.WICGrabber - Pocet dimenzi pole temperatures je: 1
2020-04-03 16:16:16,837 [4] DEBUG WRPServer.Network.Client.ClientHandler - Ziskali jsme snimek!
2020-04-03 16:16:16,837 [4] DEBUG WRPServer.Network.Client.WICGrabber - Volani cam.StopAcquisition()
2020-04-03 16:16:16,840 [4] DEBUG WRPServer.Network.Client.WICGrabber - Event camera_AcquisitionStoped byl zachycen
2020-04-03 16:16:16,840 [4] DEBUG WRPServer.Network.Client.WICGrabber - Cekani na event camera_AcquisitionStopped...
2020-04-03 16:16:16,862 [4] DEBUG WRPServer.Network.Client.ClientHandler - Vysledek zpracovani akce: True
2020-04-03 16:16:16,862 [4] DEBUG WRPServer.Network.Client.ClientHandler - Bude odeslan vystupni buffer.
2020-04-03 16:16:16,865 [4] DEBUG WRPServer.Network.Client.ClientHandler - Pozice v bufferu pred odeslanim: 1310741
2020-04-03 16:16:16,866 [4] DEBUG WRPServer.Network.Client.ClientHandler - Posun ze stavu GET_FRAME do stavu CAMERA_SELECTED
2020-04-03 16:16:16,867 [4] DEBUG WRPServer.Network.Client.ClientHandler - Cekam na nacteni bajtu ze socketu.
2020-04-03 16:20:44,016 [11] INFO WRPServer.Program - Volan shutdown hook.
2020-04-03 16:20:44,016 [11] INFO WRPServer.Program - Aplikace bude ukoncena.
2020-04-03 17:58:58,990 [1] INFO WRPServer.Program - Spoustim aplikaci.
2020-04-03 17:58:59,041 [1] INFO WRPServer.Program - Pripravuji zachycení Control+C pro vypnutí
2020-04-03 17:58:59,043 [1] INFO WRPServer.Program - Spoustim rídící aplikaci a predávám jí velení
2020-04-03 17:58:59,166 [1] INFO WRPServer.Network.Server.ServerSocket - Inicializuji datove struktury socketu pro 10.12.56.12:6412
2020-04-03 17:58:59,166 [1] INFO WRPServer.Network.Server.ServerSocket - Vstupuji do smycky pro prijimani klientu.
2020-04-03 17:58:59,166 [1] INFO WRPServer.Network.Server.ServerSocket - Cekam na pripojeni klienta.
2020-04-03 17:59:15,605 [1] INFO WRPServer.Network.Server.ServerSocket - Pripojil se novy klient! Inicializuji ClientContext.
2020-04-03 17:59:15,606 [1] INFO WRPServer.Network.Server.ServerSocket - Predavam obsluhu noveho klienta do dedikovaneho vlakna.
2020-04-03 17:59:15,606 [1] INFO WRPServer.Network.Server.ServerSocket - Cekam na pripojeni klienta.
2020-04-03 17:59:15,635 [4] DEBUG WRPServer.Network.Client.ClientHandler - Nastavuji objekty pro cteni klientskeho socketu.
2020-04-03 17:59:15,636 [4] DEBUG WRPServer.Network.Client.ClientHandler - Proxy objekty NetworkStream a BinaryReader pro cteni klientskeho Socketu uspesne vytvoreny.
2020-04-03 17:59:15,637 [4] DEBUG WRPServer.Network.Client.ClientHandler - Cekam na nacteni bajtu ze socketu.
2020-04-03 17:59:17,935 [4] DEBUG WRPServer.Network.Client.ClientHandler - Prijaty novy bajt od klienta: 3
2020-04-03 17:59:17,935 [4] DEBUG WRPServer.Network.Client.ClientHandler - Prijata zprava typu GET_CAMERA_LIST
2020-04-03 17:59:17,937 [4] DEBUG WRPServer.Network.Client.ClientHandler - Cekam na nacteni 4 z klientskeho socketu.
2020-04-03 17:59:17,938 [4] DEBUG WRPServer.Network.Client.ClientHandler - Ze socketu uspesne nacteno 4 bajtu.
2020-04-03 17:59:17,939 [4] DEBUG WRPServer.Network.Client.ClientHandler - Aktualni stav ClientHandler je CONNECTED
2020-04-03 17:59:17,939 [4] DEBUG WRPServer.Network.Client.ClientHandler - Vysledek zpracovani akce: True
2020-04-03 17:59:17,939 [4] DEBUG WRPServer.Network.Client.ClientHandler - Posun ze stavu CONNECTED do stavu GET_CAMERA_LIST
2020-04-03 17:59:17,939 [4] DEBUG WRPServer.Network.Client.ClientHandler - Aktualni stav ClientHandler je GET_CAMERA_LIST
2020-04-03 17:59:21,108 [4] DEBUG WRPServer.Network.Client.ClientHandler - Velikost payloadu pro zpravu typu CAMERA_LIST je 247
2020-04-03 17:59:21,109 [4] DEBUG WRPServer.Network.Client.ClientHandler - Vysledek zpracovani akce: True
2020-04-03 17:59:21,110 [4] DEBUG WRPServer.Network.Client.ClientHandler - Bude odeslan vystupni buffer.
2020-04-03 17:59:21,110 [4] DEBUG WRPServer.Network.Client.ClientHandler - Pozice v bufferu pred odeslanim: 252
2020-04-03 17:59:21,110 [4] DEBUG WRPServer.Network.Client.ClientHandler - Posun ze stavu GET_CAMERA_LIST do stavu CONNECTED
2020-04-03 17:59:21,111 [4] DEBUG WRPServer.Network.Client.ClientHandler - Cekam na nacteni bajtu ze socketu.
2020-04-03 17:59:39,010 [4] DEBUG WRPServer.Network.Client.ClientHandler - Prijaty novy bajt od klienta: 3
2020-04-03 17:59:39,010 [4] DEBUG WRPServer.Network.Client.ClientHandler - Prijata zprava typu GET_CAMERA_LIST
2020-04-03 17:59:39,012 [4] DEBUG WRPServer.Network.Client.ClientHandler - Cekam na nacteni 4 z klientskeho socketu.
2020-04-03 17:59:39,012 [4] DEBUG WRPServer.Network.Client.ClientHandler - Ze socketu uspesne nacteno 4 bajtu.
2020-04-03 17:59:39,013 [4] DEBUG WRPServer.Network.Client.ClientHandler - Aktualni stav ClientHandler je CONNECTED
2020-04-03 17:59:39,014 [4] DEBUG WRPServer.Network.Client.ClientHandler - Vysledek zpracovani akce: True
2020-04-03 17:59:39,015 [4] DEBUG WRPServer.Network.Client.ClientHandler - Posun ze stavu CONNECTED do stavu GET_CAMERA_LIST
2020-04-03 17:59:39,015 [4] DEBUG WRPServer.Network.Client.ClientHandler - Aktualni stav ClientHandler je GET_CAMERA_LIST
2020-04-03 17:59:39,016 [4] DEBUG WRPServer.Network.Client.ClientHandler - Velikost payloadu pro zpravu typu CAMERA_LIST je 247
2020-04-03 17:59:39,016 [4] DEBUG WRPServer.Network.Client.ClientHandler - Vysledek zpracovani akce: True
2020-04-03 17:59:39,017 [4] DEBUG WRPServer.Network.Client.ClientHandler - Bude odeslan vystupni buffer.
2020-04-03 17:59:39,017 [4] DEBUG WRPServer.Network.Client.ClientHandler - Pozice v bufferu pred odeslanim: 252
2020-04-03 17:59:39,018 [4] DEBUG WRPServer.Network.Client.ClientHandler - Posun ze stavu GET_CAMERA_LIST do stavu CONNECTED
2020-04-03 17:59:39,018 [4] DEBUG WRPServer.Network.Client.ClientHandler - Cekam na nacteni bajtu ze socketu.
2020-04-03 17:59:43,078 [4] DEBUG WRPServer.Network.Client.ClientHandler - Prijaty novy bajt od klienta: 5
2020-04-03 17:59:43,079 [4] DEBUG WRPServer.Network.Client.ClientHandler - Prijata zprava typu OPEN_CAMERA
2020-04-03 17:59:43,080 [4] DEBUG WRPServer.Network.Client.ClientHandler - Cekam na nacteni 4 z klientskeho socketu.
2020-04-03 17:59:43,081 [4] DEBUG WRPServer.Network.Client.ClientHandler - Ze socketu uspesne nacteno 4 bajtu.
2020-04-03 17:59:43,081 [4] DEBUG WRPServer.Network.Client.ClientHandler - Aktualni stav ClientHandler je CONNECTED
2020-04-03 17:59:43,082 [4] DEBUG WRPServer.Network.Client.ClientHandler - Vysledek zpracovani akce: True
2020-04-03 17:59:43,082 [4] DEBUG WRPServer.Network.Client.ClientHandler - Posun ze stavu CONNECTED do stavu OPEN_CAMERA
2020-04-03 17:59:43,083 [4] DEBUG WRPServer.Network.Client.ClientHandler - Aktualni stav ClientHandler je OPEN_CAMERA
2020-04-03 17:59:43,085 [4] DEBUG WRPServer.Network.Client.ClientHandler - Zprava typu OpenCamera ma delku payloadu 8
2020-04-03 17:59:43,086 [4] DEBUG WRPServer.Network.Client.ClientHandler - Cekam na nacteni 8 z klientskeho socketu.
2020-04-03 17:59:43,086 [4] DEBUG WRPServer.Network.Client.ClientHandler - Ze socketu uspesne nacteno 8 bajtu.
2020-04-03 17:59:43,088 [4] DEBUG WRPServer.Network.Client.WICGrabber - Volani cam.Connect()
2020-04-03 17:59:44,573 [4] DEBUG WRPServer.Network.Client.WICGrabber - Event camera_Disconnected byl zachycen
2020-04-03 17:59:44,576 [4] ERROR WRPServer.Program - Neosetrena vyjimka detekovana: TIMEOUT: PvBaseLib::BaseCommandLinkGEV::SendCommand Command link operation failure
2020-04-03 17:59:44,576 [4] INFO WRPServer.Program - Aplikace bude ukoncena.
